This node has a local storage and will use /tmp/scratch/8664548 as the scratch path
Running Q-Chem with this command: qchem -gpu -nt 32 input.in input.out
You are running Q-Chem version: 6.2.0
QCSCRATCH /tmp/scratch/8664548 should NOT be the same!
unset QCLOCALSCR ...

#
# job setting
#
local host:  x3114c0s21b0n0
current dir: /home/hlong/hpcapps/qchem/esif4/ESIFHPC4/Q-Chem/b1/medium
input file:  input.com
output file: input.out
nprocs     : 1
nthreads   : 32
#
# qchem installation setting
#
QC:          /nopt/nrel/apps/software/q-chem/6.2-bq
QCAUX:       /nopt/nrel/apps/software/q-chem/6.2-bq/qcaux
QCPROG:      /nopt/nrel/apps/software/q-chem/6.2-bq/exe/qcprog.exe_s
QCPROG_S:    /nopt/nrel/apps/software/q-chem/6.2-bq/exe/qcprog.exe_s
PARALLEL:    -DSERIAL
QCMPI:       
#
# qchem directory setting
#
qcrun:       qchem2497547
QCSCRATCH:   /tmp/scratch/8664548
QCLOCALSCR:  
QCTMPDIR:    /tmp/scratch/8664548
QCFILEPREF:  /tmp/scratch/8664548/qchem2497547
QCSAVEDIR:   
workdirs:    /tmp/scratch/8664548/qchem2497547
workdir0:    /tmp/scratch/8664548/qchem2497547
partmpdirs =  
#
# parallel setting
#
QCRSH:           ssh
QCMPI:           mpich
QCMPIRUN:        /nopt/nrel/apps/software/q-chem/6.2-bq/bin/mpi/mpirun_qchem
QCMACHINEFILE:   /tmp/scratch/8664548/qchem2497547/hostfile
x3114c0s21b0n0

#
# env setting
#
exported envs:   QC QCAUX QCSCRATCH QCRUNNAME QCFILEPREF QCPROG QCPROG_S GUIFILE
remove work dirs /tmp/scratch/8664548/qchem2497547.0 -- /tmp/scratch/8664548/qchem2497547.0
rm -rf /tmp/scratch/8664548/qchem2497547.0
rm -rf /tmp/scratch/8664548/qchem2497547
