
 BerkeleyGW version 4.0+git 8511836-dirty by Jacob Clary <jacl0659@ed1.ib0.cm.hpc.nrel.gov> at 2024-03-13 16:03:19 -0600
 Epsilon code, Complex version, run on 08-Aug-2025 at 00:53:55 -0600

                                                                 ..o.          
                                                                .oxxo.         
                                                               .oxxxxo...      
                                                               oxxxxxxo.       
                                                              .oxxxxxxx.       
                                                              .ooooooxxo..     
                                                              .oooooooxo..     
                                                              .oooooxxo...     
                                                       .........oxooo......    
                                                 ............................  
                                             ................................. 
                                          .................................... 
           .          ..oo. ....  .................................oooxxxxxxxo.
     .............oxxxx@ox@@@x@x.....................o...........ooooooooooxx. 
    .o.........oox@x.oo........xxx@@............ooxxxxo..........ooooxxxxxoxo  
    .x........x@xxo...............o@xxo........oxxx@@@xoooooooooooooooxxxo...  
    .o......ox@@o..................oox@o.....ooxxx@xoooxxxxxxxoooooooooooo.... 
    o..ooooo@@xoooo....ooo...........x@o.....ooxxxxo   .oxxxxxxxxxxooooooo.... 
    . .oooo@@@@@@@@@@@@@@@@@@@@@@@@@@@@@@....ooooox.     .oxx@@@@@xxoo........ 
      .ooooxxxxxxxooooooxooooooooooooooxo...oooooxx.        ..ox@xxxoo.........
      .ooooooxxxx@xoooooooooooooxxoooooooooooxxxxx.            .oxxooooooooxxo.
     .oooooxxxxx@@@xxxxxxxxxxxxxxxxxxxxxxxxoxxxxo.                .oxxxxxxxxo. 
   ....oooxxxxx@@@xo..oxxx@@@@@@xxxxoxxoooooooxx.                  .oxxxoo..   
  .....ooxxxx@@xo.       ........    .ooooooooxxo                              
  ..oooxxxx@@@o                       .oooooooxoo.                             
  ....oxooxxxxx.                       .ooo..oooo.                             
  .....o.ooxxxxxo.                     .oooooooxo.                             
 ......ooooxxxxxxo.                     .ooooooxoo..                           
........ooxxxxxxxo..                     .o....oxoo...                         
.......ooooxxxxxxxo.                     ........oooo.                         
.ooooooo..ooxxxxoooo.                    .........ooo...                       
..oxo...ooooxxxoooo..                    .ooo......oooo...                     
  .ooooo....o.                            .oxxxoo....ooo....                   
    .oooooo...                              ...ooooo...ooo..                   
       ...                                     .oo.......                      
                                               ....ooo...                      
                      __              __                                       
 ______              [  |            [  |                 ._____  _          _ 
|_   _               | |  _          | |                /  ___ | |        | |
  | |_) | .---.  _. _.| | / |  .---.  | | .---.  _    _ / /    _|   /  / / 
  |  __'./ /__\[ /`_| '' <  / /__\ | |/ /__\|   | | |   _____  /  / /  
 _| |__| | __. | |   | |`  | ___. | || ___.  / /  .___| |    /  /   
|_______/ .__./[_]  [__|  _] .__./[___].__./    /   .____./    /  /    
                                                  / /                          
                                                 /_/                           
 --------------------------------------------------------------------------------
 Please cite the main BerkeleyGW paper when using results from this calculation:

 Jack Deslippe, Georgy Samsonidze, David A. Strubbe, Manish Jain, Marvin L.
 Cohen, and Steven G. Louie, "BerkeleyGW: A Massively Parallel Computer Package
 for the Calculation of the Quasiparticle and Optical Properties of Materials
 and Nanostructures," Comput. Phys. Commun. 183, 1269 (2012)

 Aditionally, PLEASE CITE ALL PAPERS REPORTED AT THE END OF THIS CALCULATION.
 --------------------------------------------------------------------------------

 Running MPI version (parallel)
 Running with 192 MPI task(s)
 Using OpenMP. Number of threads per MPI task: 24
 Number of threads used for sorting routines: 1

 Compilation flags:
 - Compiler: NVHPC
 - Para. flags: MPI, OMP
 - Math  flags: USESCALAPACK, UNPACKED, USEFFTW3, HDF5
 - Debug flags: 

 Running with verbosity level 1 (default).

 We will start a new calculation from scratch.

 Experimental Features:
  - FFTs Optimization Level: 0
  - Use HDF5 Parallel IO: T

 
 We`ll perform a uniform sampling of the full BZ.
 
 Computing the static inverse dielectric matrix

 We are using matrix communication scheme

 We are using non-blocking cyclic communication scheme

 Using block algorithm over valence bands

 We are communicating via MPI

 We are using no truncation
 Reading header of WFN.h5
 Highest occupied band (unshifted grid) = 1996
 Valence max    (unshifted grid) = 6.233852 eV
 Conduction min (unshifted grid) = 6.597934 eV
 Middle energy  (unshifted grid) = 6.415893 eV
 Fermi  energy  (unshifted grid) = 6.415893 eV

 Reading header of WFNq.h5
 Highest occupied band (shifted grid) = 1996

 Calculation parameters:
 - Cutoff of the dielectric matrix (Ry): 8.00
 - Total number of bands in the calculation: 29346
 - Number of fully occupied valence bands: 1996
 - Number of partially occ. conduction bands: 0
 - Monkhorst-Pack q-grid for epsilon(q): 1 1 1
 
 Running with 8 valence pools
 Number of conduction bands per processor: 1140
 Number of valence bands per processor: 250

 Memory available: 105902.8 MB per PE
 Memory required for execution: 47833.7 MB per PE
 Memory required for vcoul: 0.0 MB per PE

 Valence block alogorithm info
 Max memory allowed per valence block (Gb):    80.00
 Memory for a single valence band (Gb):         1.88
 Number of valence bands per block:              42

 Number of electrons per unit cell (from ifmax) = 3992.000000
 Number of electrons per unit cell (from occupations) = 3992.000000
 Plasma Frequency = 1.218925 Ry

 Reading using H5FD_MPIO_INDEPENDENT.
 Using communication style:  1
 
 Reading using H5FD_MPIO_INDEPENDENT.
 Using communication style:  1
 
 Initializing eps0mat.h5
 - Screened Coulomb cutoff: 8.000 Ry
 - Total number of bands: 29346
 - Number of q-points: 1

 Scissors parameters:
 - Valence:    es =   0.0000 eV, e0 =   0.0000 eV, edel =   0.0000
 - Conduction: es =   0.0000 eV, e0 =   0.0000 eV, edel =   0.0000

 Q0 and |Q0| =  0.000000  0.000000  0.200000  0.024493

 GPU acceleration is : ENABLED
 
 Algorithms used:
 - mtxel         : OPENACC_ALGO
 - chi_summation : OPENACC_ALGO
 
 You have a slightly shifted q0 vector and a semiconductor.
 So, reading from WFNq.
 Reading header of WFNq.h5
 Highest occupied band (shifted grid) = 1996
 Reading using H5FD_MPIO_INDEPENDENT.
 Using communication style:  1
 
 Summary of the WFN files:
 - Number of k-points in WFN: 1
 - Number of k-points in WFNq: 1
 - Number of k-points in the full BZ of WFN: 1

================================================================================
 00:54:02   Dealing with q =  0.000000  0.000000  0.200000                 1 / 1
================================================================================

 This is the special q->0 point.
 Rank of the polarizability matrix (nmtx): 51627
 
 BLACS processor grid:  12 x  16; BLOCKSIZE =   32
 
 Number of k-points in the irreducible BZ(q) (nrk): 1
 
 ========================================================
 == Start Building Polarizability Using:     6 Blocks. ==
 ========================================================
 
 Valence Block Number:     1 of     6 || Pass     1 of     1
 -----------------------------------------------------------
 
 Using GPU support via OpenACC/OMP-Target implementation
 Using batch implementation, batch size:    20
 
 Started calculation of matrix elements with 42 transition(s) at 00:54:04.
 [ 00:54:04 |   0% ] transition  1 / 42.
 [ 00:54:06 |   5% ] transition  3 / 42, remaining: 12 s.
 [ 00:54:06 |  10% ] transition  5 / 42, remaining: 11 s.
 [ 00:54:08 |  19% ] transition  9 / 42, remaining: 10 s.
 [ 00:54:09 |  29% ] transition 13 / 42, remaining: 9 s.
 [ 00:54:10 |  38% ] transition 17 / 42, remaining: 8 s.
 [ 00:54:11 |  50% ] transition 22 / 42, remaining: 6 s.
 [ 00:54:12 |  60% ] transition 26 / 42, remaining: 5 s.
 [ 00:54:14 |  69% ] transition 30 / 42, remaining: 4 s.
 [ 00:54:15 |  79% ] transition 34 / 42, remaining: 3 s.
 [ 00:54:16 |  88% ] transition 38 / 42, remaining: 1 s.
 Finished calculation of matrix elements at 00:54:17.
 Elapsed time: 13 s.
 
 CHI summation GPU algorithm offloading all matrix elements to device.
 
 Started building polarizability matrix with 192 processor(s) at 00:54:19.
 [ 00:54:20 |   0% ] processor   1 / 192.
 [ 00:54:21 |   1% ] processor   3 / 192, remaining: 43 s.
 [ 00:54:25 |  10% ] processor  20 / 192, remaining: 39 s.
 [ 00:54:29 |  20% ] processor  39 / 192, remaining: 34 s.
 [ 00:54:33 |  30% ] processor  58 / 192, remaining: 30 s.
 [ 00:54:37 |  40% ] processor  77 / 192, remaining: 26 s.
 [ 00:54:42 |  49% ] processor  96 / 192, remaining: 22 s.
 [ 00:54:46 |  60% ] processor 116 / 192, remaining: 17 s.
 [ 00:54:50 |  70% ] processor 135 / 192, remaining: 13 s.
 [ 00:54:55 |  80% ] processor 154 / 192, remaining: 9 s.
 [ 00:54:59 |  90% ] processor 173 / 192, remaining: 4 s.
 [ 00:55:03 |  99% ] processor 192 / 192, remaining: 0 s.
 Finished building polarizability matrix at 00:55:03.
 Elapsed time: 44 s.
 
 Done With Block Number:     1
 -----------------------------
 
 
 Valence Block Number:     2 of     6 || Pass     1 of     1
 -----------------------------------------------------------
 
 Using GPU support via OpenACC/OMP-Target implementation
 Using batch implementation, batch size:    20
 
 Started calculation of matrix elements with 42 transition(s) at 00:55:06.
 [ 00:55:06 |   0% ] transition  1 / 42.
 [ 00:55:07 |   5% ] transition  3 / 42, remaining: 12 s.
 [ 00:55:08 |  10% ] transition  5 / 42, remaining: 11 s.
 [ 00:55:09 |  19% ] transition  9 / 42, remaining: 10 s.
 [ 00:55:10 |  29% ] transition 13 / 42, remaining: 9 s.
 [ 00:55:11 |  38% ] transition 17 / 42, remaining: 8 s.
 [ 00:55:13 |  50% ] transition 22 / 42, remaining: 6 s.
 [ 00:55:14 |  60% ] transition 26 / 42, remaining: 5 s.
 [ 00:55:15 |  69% ] transition 30 / 42, remaining: 4 s.
 [ 00:55:16 |  79% ] transition 34 / 42, remaining: 3 s.
 [ 00:55:17 |  88% ] transition 38 / 42, remaining: 1 s.
 Finished calculation of matrix elements at 00:55:19.
 Elapsed time: 13 s.
 
 CHI summation GPU algorithm offloading all matrix elements to device.
 
 Started building polarizability matrix with 192 processor(s) at 00:55:21.
 [ 00:55:22 |   0% ] processor   1 / 192.
 [ 00:55:23 |   1% ] processor   3 / 192, remaining: 43 s.
 [ 00:55:26 |  10% ] processor  20 / 192, remaining: 39 s.
 [ 00:55:31 |  20% ] processor  39 / 192, remaining: 34 s.
 [ 00:55:35 |  30% ] processor  58 / 192, remaining: 30 s.
 [ 00:55:39 |  40% ] processor  77 / 192, remaining: 26 s.
 [ 00:55:43 |  49% ] processor  96 / 192, remaining: 22 s.
 [ 00:55:48 |  60% ] processor 116 / 192, remaining: 17 s.
 [ 00:55:52 |  70% ] processor 135 / 192, remaining: 13 s.
 [ 00:55:56 |  80% ] processor 154 / 192, remaining: 9 s.
 [ 00:56:00 |  90% ] processor 173 / 192, remaining: 4 s.
 [ 00:56:05 |  99% ] processor 192 / 192, remaining: 0 s.
 Finished building polarizability matrix at 00:56:05.
 Elapsed time: 44 s.
 
 Done With Block Number:     2
 -----------------------------
 
 
 Valence Block Number:     3 of     6 || Pass     1 of     1
 -----------------------------------------------------------
 
 Using GPU support via OpenACC/OMP-Target implementation
 Using batch implementation, batch size:    20
 
 Started calculation of matrix elements with 42 transition(s) at 00:56:07.
 [ 00:56:07 |   0% ] transition  1 / 42.
 [ 00:56:09 |   5% ] transition  3 / 42, remaining: 13 s.
 [ 00:56:09 |  10% ] transition  5 / 42, remaining: 11 s.
 [ 00:56:10 |  19% ] transition  9 / 42, remaining: 10 s.
 [ 00:56:12 |  29% ] transition 13 / 42, remaining: 9 s.
 [ 00:56:13 |  38% ] transition 17 / 42, remaining: 8 s.
 [ 00:56:14 |  50% ] transition 22 / 42, remaining: 6 s.
 [ 00:56:15 |  60% ] transition 26 / 42, remaining: 5 s.
 [ 00:56:17 |  69% ] transition 30 / 42, remaining: 4 s.
 [ 00:56:18 |  79% ] transition 34 / 42, remaining: 3 s.
 [ 00:56:19 |  88% ] transition 38 / 42, remaining: 1 s.
 Finished calculation of matrix elements at 00:56:20.
 Elapsed time: 13 s.
 
 CHI summation GPU algorithm offloading all matrix elements to device.
 
 Started building polarizability matrix with 192 processor(s) at 00:56:23.
 [ 00:56:25 |   0% ] processor   1 / 192.
 [ 00:56:25 |   1% ] processor   3 / 192, remaining: 42 s.
 [ 00:56:29 |  10% ] processor  20 / 192, remaining: 39 s.
 [ 00:56:33 |  20% ] processor  39 / 192, remaining: 34 s.
 [ 00:56:37 |  30% ] processor  58 / 192, remaining: 30 s.
 [ 00:56:42 |  40% ] processor  77 / 192, remaining: 26 s.
 [ 00:56:46 |  49% ] processor  96 / 192, remaining: 22 s.
 [ 00:56:50 |  60% ] processor 116 / 192, remaining: 17 s.
 [ 00:56:54 |  70% ] processor 135 / 192, remaining: 13 s.
 [ 00:56:59 |  80% ] processor 154 / 192, remaining: 9 s.
 [ 00:57:03 |  90% ] processor 173 / 192, remaining: 4 s.
 [ 00:57:07 |  99% ] processor 192 / 192, remaining: 0 s.
 Finished building polarizability matrix at 00:57:07.
 Elapsed time: 44 s.
 
 Done With Block Number:     3
 -----------------------------
 
 
 Valence Block Number:     4 of     6 || Pass     1 of     1
 -----------------------------------------------------------
 
 Using GPU support via OpenACC/OMP-Target implementation
 Using batch implementation, batch size:    20
 
 Started calculation of matrix elements with 42 transition(s) at 00:57:10.
 [ 00:57:10 |   0% ] transition  1 / 42.
 [ 00:57:11 |   5% ] transition  3 / 42, remaining: 12 s.
 [ 00:57:12 |  10% ] transition  5 / 42, remaining: 11 s.
 [ 00:57:13 |  19% ] transition  9 / 42, remaining: 10 s.
 [ 00:57:14 |  29% ] transition 13 / 42, remaining: 9 s.
 [ 00:57:15 |  38% ] transition 17 / 42, remaining: 8 s.
 [ 00:57:17 |  50% ] transition 22 / 42, remaining: 6 s.
 [ 00:57:18 |  60% ] transition 26 / 42, remaining: 5 s.
 [ 00:57:19 |  69% ] transition 30 / 42, remaining: 4 s.
 [ 00:57:20 |  79% ] transition 34 / 42, remaining: 3 s.
 [ 00:57:21 |  88% ] transition 38 / 42, remaining: 1 s.
 Finished calculation of matrix elements at 00:57:23.
 Elapsed time: 13 s.
 
 CHI summation GPU algorithm offloading all matrix elements to device.
 
 Started building polarizability matrix with 192 processor(s) at 00:57:25.
 [ 00:57:27 |   0% ] processor   1 / 192.
 [ 00:57:27 |   1% ] processor   3 / 192, remaining: 43 s.
 [ 00:57:31 |  10% ] processor  20 / 192, remaining: 39 s.
 [ 00:57:35 |  20% ] processor  39 / 192, remaining: 35 s.
 [ 00:57:40 |  30% ] processor  58 / 192, remaining: 30 s.
 [ 00:57:44 |  40% ] processor  77 / 192, remaining: 26 s.
 [ 00:57:48 |  49% ] processor  96 / 192, remaining: 22 s.
 [ 00:57:53 |  60% ] processor 116 / 192, remaining: 17 s.
 [ 00:57:57 |  70% ] processor 135 / 192, remaining: 13 s.
 [ 00:58:01 |  80% ] processor 154 / 192, remaining: 9 s.
 [ 00:58:05 |  90% ] processor 173 / 192, remaining: 4 s.
 [ 00:58:10 |  99% ] processor 192 / 192, remaining: 0 s.
 Finished building polarizability matrix at 00:58:10.
 Elapsed time: 45 s.
 
 Done With Block Number:     4
 -----------------------------
 
 
 Valence Block Number:     5 of     6 || Pass     1 of     1
 -----------------------------------------------------------
 
 Using GPU support via OpenACC/OMP-Target implementation
 Using batch implementation, batch size:    20
 
 Started calculation of matrix elements with 42 transition(s) at 00:58:12.
 [ 00:58:12 |   0% ] transition  1 / 42.
 [ 00:58:14 |   5% ] transition  3 / 42, remaining: 12 s.
 [ 00:58:14 |  10% ] transition  5 / 42, remaining: 11 s.
 [ 00:58:16 |  19% ] transition  9 / 42, remaining: 10 s.
 [ 00:58:17 |  29% ] transition 13 / 42, remaining: 9 s.
 [ 00:58:18 |  38% ] transition 17 / 42, remaining: 8 s.
 [ 00:58:19 |  50% ] transition 22 / 42, remaining: 6 s.
 [ 00:58:20 |  60% ] transition 26 / 42, remaining: 5 s.
 [ 00:58:22 |  69% ] transition 30 / 42, remaining: 4 s.
 [ 00:58:23 |  79% ] transition 34 / 42, remaining: 3 s.
 [ 00:58:24 |  88% ] transition 38 / 42, remaining: 1 s.
 Finished calculation of matrix elements at 00:58:25.
 Elapsed time: 13 s.
 
 CHI summation GPU algorithm offloading all matrix elements to device.
 
 Started building polarizability matrix with 192 processor(s) at 00:58:28.
 [ 00:58:29 |   0% ] processor   1 / 192.
 [ 00:58:30 |   1% ] processor   3 / 192, remaining: 42 s.
 [ 00:58:34 |  10% ] processor  20 / 192, remaining: 39 s.
 [ 00:58:38 |  20% ] processor  39 / 192, remaining: 35 s.
 [ 00:58:42 |  30% ] processor  58 / 192, remaining: 30 s.
 [ 00:58:46 |  40% ] processor  77 / 192, remaining: 26 s.
 [ 00:58:51 |  49% ] processor  96 / 192, remaining: 22 s.
 [ 00:58:55 |  60% ] processor 116 / 192, remaining: 17 s.
 [ 00:58:59 |  70% ] processor 135 / 192, remaining: 13 s.
 [ 00:59:04 |  80% ] processor 154 / 192, remaining: 9 s.
 [ 00:59:08 |  90% ] processor 173 / 192, remaining: 4 s.
 [ 00:59:13 |  99% ] processor 192 / 192, remaining: 0 s.
 Finished building polarizability matrix at 00:59:13.
 Elapsed time: 45 s.
 
 Done With Block Number:     5
 -----------------------------
 
 
 Valence Block Number:     6 of     6 || Pass     1 of     1
 -----------------------------------------------------------
 
 Using GPU support via OpenACC/OMP-Target implementation
 Using batch implementation, batch size:    20
 
 Started calculation of matrix elements with 42 transition(s) at 00:59:15.
 [ 00:59:15 |   0% ] transition  1 / 42.
 [ 00:59:17 |   5% ] transition  3 / 42, remaining: 12 s.
 [ 00:59:17 |  10% ] transition  5 / 42, remaining: 11 s.
 [ 00:59:18 |  19% ] transition  9 / 42, remaining: 10 s.
 [ 00:59:20 |  29% ] transition 13 / 42, remaining: 9 s.
 [ 00:59:21 |  38% ] transition 17 / 42, remaining: 8 s.
 [ 00:59:22 |  50% ] transition 22 / 42, remaining: 6 s.
 [ 00:59:23 |  60% ] transition 26 / 42, remaining: 5 s.
 [ 00:59:25 |  69% ] transition 30 / 42, remaining: 4 s.
 [ 00:59:26 |  79% ] transition 34 / 42, remaining: 3 s.
 [ 00:59:27 |  88% ] transition 38 / 42, remaining: 1 s.
 Finished calculation of matrix elements at 00:59:28.
 Elapsed time: 12 s.
 
 CHI summation GPU algorithm offloading all matrix elements to device.
 
 Started building polarizability matrix with 192 processor(s) at 00:59:33.
 [ 00:59:35 |   0% ] processor   1 / 192.
 [ 00:59:35 |   1% ] processor   3 / 192, remaining: 43 s.
 [ 00:59:39 |  10% ] processor  20 / 192, remaining: 39 s.
 [ 00:59:43 |  20% ] processor  39 / 192, remaining: 34 s.
 [ 00:59:47 |  30% ] processor  58 / 192, remaining: 30 s.
 [ 00:59:52 |  40% ] processor  77 / 192, remaining: 26 s.
 [ 00:59:56 |  49% ] processor  96 / 192, remaining: 22 s.
 [ 01:00:00 |  60% ] processor 116 / 192, remaining: 17 s.
 [ 01:00:04 |  70% ] processor 135 / 192, remaining: 13 s.
 [ 01:00:09 |  80% ] processor 154 / 192, remaining: 9 s.
 [ 01:00:13 |  90% ] processor 173 / 192, remaining: 5 s.
 [ 01:00:18 |  99% ] processor 192 / 192, remaining: 0 s.
 Finished building polarizability matrix at 01:00:18.
 Elapsed time: 45 s.
 
 Done With Block Number:     6
 -----------------------------
 
 q-pt      1: Head of Epsilon         =     1.416652250097134E+01    2.858318963018452E-18
 q-pt      1: Epsilon(2,2)            =     1.151002087971402E+01   -1.173523639953547E-17
 q-pt      1: Head of Epsilon Inverse =     7.899185187719436E-02   -7.168347188384538E-21
 q-pt      1: Epsilon Inverse(2,2)    =     9.665226569824212E-02    1.107098531840972E-19
 
 For q0 points, you should check the symmetry (eps(G,G') = eps*(-G,-G')) by
 using the eps0sym code. Wavefunction convergence, as well as a finite q-shift
 may cause this property of eps(G,G') to be broken.

 Writing dielectric matrix to file
 Ok


********************************************************************************
*                                                                              *
* Your calculation employed methods and algorithms published in peer-reviewed  *
* papers. Please, cite the following references to give proper credit to their *
*          authors and help support future development of BerkeleyGW.          *
*                                                                              *
********************************************************************************

 J. Deslippe, G. Samsonidze, D. A. Strubbe, M. Jain, M. L. Cohen, and S. G.
 Louie, BerkeleyGW: A Massively Parallel Computer Package for the Calculation
 of the Quasiparticle and Optical Properties of Materials and Nanostructures,
 Computer Physics Communications 183, 1269 (2012).

 M. S. Hybertsen and S. G. Louie, Electron Correlation in Semiconductors and
 Insulators: Band Gaps and Quasiparticle Energies, Phys. Rev. B 34, 5390
 (1986).

 M. D. Ben, C. Yang, Z. Li, F. H. da Jornada, S. G. Louie, and J. Deslippe,
 Accelerating Large-Scale Excited-State GW Calculations on Leadership HPC
 Systems, SC20: International Conference for High Performance Computing,
 Networking, Storage and Analysis (2020).

********************************************************************************

 
 Timing information
 
                                CPU time (s)          WALL time (s)       Number
 Routine                       min        max        min        max     of calls
 -------------------------  ---------  ---------  ---------  ---------  --------
 - Eps (I/O) Comm                0.04       0.13       0.04       0.13         1
 - Eps (I/O) IO                 24.18      24.24      24.18      24.24         1
 - I/O TOTAL                    27.43      27.56      27.43      27.56         8
 - INPUT                         5.71       5.77       5.71       5.77         1
 - INPUT_Q                       0.53       0.66       0.53       0.66         1
 - FULLBZ                        0.00       0.00       0.00       0.00         1
 - GVEC                          0.00       0.01       0.00       0.01         1
 - SUBGRP                        0.00       0.00       0.00       0.00         1
 - IRRBZ                         0.00       0.00       0.00       0.00         1
 - GENWF                         4.20       5.88       4.20       5.87       250
 - MTXEL                        71.74      74.47      71.74      74.45       250
 - RQSTAR                        0.00       0.00       0.00       0.00         6
 - GMAP                          0.02       0.02       0.02       0.02         6
 - EPSINV (TOTAL)               52.94      58.41      52.94      58.41         1
 - CHI SUM (COMM)               38.20      55.81      38.19      55.79      3456
 - CHI SUM (TOTAL)             276.23     288.05     276.23     288.06         6
 - GENWF (VAL)                   0.43       0.48       0.43       0.48       250
 - GENWF (COND)                  3.75       5.40       3.75       5.40         6
 - EPSINV (VCOUL)                0.00       5.47       0.00       5.47         1
 - JOB SETUP                     0.00       0.05       0.00       0.05         1
 - Q LOOP SETUP                  0.01       0.01       0.01       0.01         1
 - INIT CUTOFF                   0.00       0.00       0.00       0.00         1
 - INIT SCALAPACK                0.01       0.01       0.01       0.01         1
 - INIT ARRAYS                   6.96      11.34       6.96      11.34         7
 - MTXEL (DENOM)                 0.33       0.39       0.22       0.43    285000
 - MTXEL (FFT)                  71.73      74.46      71.73      74.45       250
 - GENWF (Ekin)                  0.01       0.02       0.01       0.02        12
 - GENWF (Sort)                  0.07       0.07       0.07       0.07         2
 - CHI SUM (zGEMM)             142.71     168.55     142.70     168.56      1152
 - CHI SUM (PREP)               42.35      45.99      42.37      46.02      1152
 - CHI SUM (ARRAY ALLOC)         6.35       7.45       6.35       7.49      1152
 - EPSINV (I/O)                 24.39      24.40      24.39      24.40         1
 - EPSINV (INVERT)              27.67      27.72      27.67      27.72         1
 - CHI SUM (BAR)                 2.28      17.36       2.28      17.36         6
 - FFT MLTPLY                    7.60       8.64       7.56       8.85    285000
 - TOTAL                       441.23     441.28     441.23     441.28         1
 
 Job Done
 
