
 BerkeleyGW version 4.0+git 8511836-dirty by Jacob Clary <jacl0659@ed1.ib0.cm.hpc.nrel.gov> at 2024-03-13 16:03:19 -0600
 Epsilon code, Complex version, run on 24-Sep-2025 at 10:13:41 -0600

                                                                 ..o.          
                                                                .oxxo.         
                                                               .oxxxxo...      
                                                               oxxxxxxo.       
                                                              .oxxxxxxx.       
                                                              .ooooooxxo..     
                                                              .oooooooxo..     
                                                              .oooooxxo...     
                                                       .........oxooo......    
                                                 ............................  
                                             ................................. 
                                          .................................... 
           .          ..oo. ....  .................................oooxxxxxxxo.
     .............oxxxx@ox@@@x@x.....................o...........ooooooooooxx. 
    .o.........oox@x.oo........xxx@@............ooxxxxo..........ooooxxxxxoxo  
    .x........x@xxo...............o@xxo........oxxx@@@xoooooooooooooooxxxo...  
    .o......ox@@o..................oox@o.....ooxxx@xoooxxxxxxxoooooooooooo.... 
    o..ooooo@@xoooo....ooo...........x@o.....ooxxxxo   .oxxxxxxxxxxooooooo.... 
    . .oooo@@@@@@@@@@@@@@@@@@@@@@@@@@@@@@....ooooox.     .oxx@@@@@xxoo........ 
      .ooooxxxxxxxooooooxooooooooooooooxo...oooooxx.        ..ox@xxxoo.........
      .ooooooxxxx@xoooooooooooooxxoooooooooooxxxxx.            .oxxooooooooxxo.
     .oooooxxxxx@@@xxxxxxxxxxxxxxxxxxxxxxxxoxxxxo.                .oxxxxxxxxo. 
   ....oooxxxxx@@@xo..oxxx@@@@@@xxxxoxxoooooooxx.                  .oxxxoo..   
  .....ooxxxx@@xo.       ........    .ooooooooxxo                              
  ..oooxxxx@@@o                       .oooooooxoo.                             
  ....oxooxxxxx.                       .ooo..oooo.                             
  .....o.ooxxxxxo.                     .oooooooxo.                             
 ......ooooxxxxxxo.                     .ooooooxoo..                           
........ooxxxxxxxo..                     .o....oxoo...                         
.......ooooxxxxxxxo.                     ........oooo.                         
.ooooooo..ooxxxxoooo.                    .........ooo...                       
..oxo...ooooxxxoooo..                    .ooo......oooo...                     
  .ooooo....o.                            .oxxxoo....ooo....                   
    .oooooo...                              ...ooooo...ooo..                   
       ...                                     .oo.......                      
                                               ....ooo...                      
                      __              __                                       
 ______              [  |            [  |                 ._____  _          _ 
|_   _               | |  _          | |                /  ___ | |        | |
  | |_) | .---.  _. _.| | / |  .---.  | | .---.  _    _ / /    _|   /  / / 
  |  __'./ /__\[ /`_| '' <  / /__\ | |/ /__\|   | | |   _____  /  / /  
 _| |__| | __. | |   | |`  | ___. | || ___.  / /  .___| |    /  /   
|_______/ .__./[_]  [__|  _] .__./[___].__./    /   .____./    /  /    
                                                  / /                          
                                                 /_/                           
 --------------------------------------------------------------------------------
 Please cite the main BerkeleyGW paper when using results from this calculation:

 Jack Deslippe, Georgy Samsonidze, David A. Strubbe, Manish Jain, Marvin L.
 Cohen, and Steven G. Louie, "BerkeleyGW: A Massively Parallel Computer Package
 for the Calculation of the Quasiparticle and Optical Properties of Materials
 and Nanostructures," Comput. Phys. Commun. 183, 1269 (2012)

 Aditionally, PLEASE CITE ALL PAPERS REPORTED AT THE END OF THIS CALCULATION.
 --------------------------------------------------------------------------------

 Running MPI version (parallel)
 Running with 16 MPI task(s)
 Using OpenMP. Number of threads per MPI task: 8
 Number of threads used for sorting routines: 1

 Compilation flags:
 - Compiler: NVHPC
 - Para. flags: MPI, OMP
 - Math  flags: USESCALAPACK, UNPACKED, USEFFTW3, HDF5
 - Debug flags: 

 Running with verbosity level 1 (default).

 We will start a new calculation from scratch.

 Experimental Features:
  - FFTs Optimization Level: 0
  - Use HDF5 Parallel IO: T

 
 We`ll perform a uniform sampling of the full BZ.
 
 Computing the static inverse dielectric matrix

 We are using matrix communication scheme

 We are using non-blocking cyclic communication scheme

 Using block algorithm over valence bands

 We are communicating via MPI

 We are using no truncation
 Reading header of WFN.h5
 Highest occupied band (unshifted grid) = 1020
 Valence max    (unshifted grid) = 6.235005 eV
 Conduction min (unshifted grid) = 6.617391 eV
 Middle energy  (unshifted grid) = 6.426198 eV
 Fermi  energy  (unshifted grid) = 6.426198 eV

 Reading header of WFNq.h5
 Highest occupied band (shifted grid) = 1020

 Calculation parameters:
 - Cutoff of the dielectric matrix (Ry): 8.00
 - Total number of bands in the calculation: 15045
 - Number of fully occupied valence bands: 1020
 - Number of partially occ. conduction bands: 0
 - Monkhorst-Pack q-grid for epsilon(q): 1 1 1
 
 Running with 4 valence pools
 Number of conduction bands per processor: 3507
 Number of valence bands per processor: 255

 Memory available: 142644.1 MB per PE
 Memory required for execution: 51855.7 MB per PE
 Memory required for vcoul: 0.0 MB per PE

 Valence block alogorithm info
 Max memory allowed per valence block (Gb):    80.00
 Memory for a single valence band (Gb):         2.98
 Number of valence bands per block:              26

 Number of electrons per unit cell (from ifmax) = 2040.000000
 Number of electrons per unit cell (from occupations) = 2040.000000
 Plasma Frequency = 1.217761 Ry

 Reading using H5FD_MPIO_INDEPENDENT.
 Using communication style:  1
 
 Reading using H5FD_MPIO_INDEPENDENT.
 Using communication style:  1
 
 Initializing eps0mat.h5
 - Screened Coulomb cutoff: 8.000 Ry
 - Total number of bands: 15045
 - Number of q-points: 1

 Scissors parameters:
 - Valence:    es =   0.0000 eV, e0 =   0.0000 eV, edel =   0.0000
 - Conduction: es =   0.0000 eV, e0 =   0.0000 eV, edel =   0.0000

 Q0 and |Q0| =  0.000000  0.000000  0.100000  0.015308

 GPU acceleration is : ENABLED
 
 Algorithms used:
 - mtxel         : OPENACC_ALGO
 - chi_summation : OPENACC_ALGO
 
 You have a slightly shifted q0 vector and a semiconductor.
 So, reading from WFNq.
 Reading header of WFNq.h5
 Highest occupied band (shifted grid) = 1020
 Reading using H5FD_MPIO_INDEPENDENT.
 Using communication style:  1
 
 Summary of the WFN files:
 - Number of k-points in WFN: 1
 - Number of k-points in WFNq: 1
 - Number of k-points in the full BZ of WFN: 1

================================================================================
 10:14:05   Dealing with q =  0.000000  0.000000  0.100000                 1 / 1
================================================================================

 This is the special q->0 point.
 Rank of the polarizability matrix (nmtx): 26529
 
 BLACS processor grid:   4 x   4; BLOCKSIZE =   32
 
 Number of k-points in the irreducible BZ(q) (nrk): 1
 
 ========================================================
 == Start Building Polarizability Using:    10 Blocks. ==
 ========================================================
 
 Valence Block Number:     1 of    10 || Pass     1 of     1
 -----------------------------------------------------------
 
 Using GPU support via OpenACC/OMP-Target implementation
 Using batch implementation, batch size:    20
 
 Started calculation of matrix elements with 26 transition(s) at 10:14:11.
 [ 10:14:11 |   0% ] transition  1 / 26.
 [ 10:14:14 |   8% ] transition  3 / 26, remaining: 12 s.
 [ 10:14:15 |  19% ] transition  6 / 26, remaining: 10 s.
 [ 10:14:16 |  27% ] transition  8 / 26, remaining: 9 s.
 [ 10:14:18 |  38% ] transition 11 / 26, remaining: 8 s.
 [ 10:14:19 |  50% ] transition 14 / 26, remaining: 6 s.
 [ 10:14:20 |  58% ] transition 16 / 26, remaining: 5 s.
 [ 10:14:21 |  69% ] transition 19 / 26, remaining: 4 s.
 [ 10:14:22 |  77% ] transition 21 / 26, remaining: 3 s.
 [ 10:14:24 |  88% ] transition 24 / 26, remaining: 1 s.
 Finished calculation of matrix elements at 10:14:25.
 Elapsed time: 14 s.
 
 CHI summation GPU algorithm offloading all matrix elements to device.
 
 Started building polarizability matrix with 16 processor(s) at 10:14:25.
 [ 10:14:27 |   0% ] processor  1 / 16.
 [ 10:14:28 |   6% ] processor  2 / 16.
 [ 10:14:29 |  13% ] processor  3 / 16, remaining: 16 s.
 [ 10:14:30 |  19% ] processor  4 / 16, remaining: 15 s.
 [ 10:14:32 |  25% ] processor  5 / 16, remaining: 14 s.
 [ 10:14:34 |  38% ] processor  7 / 16, remaining: 11 s.
 [ 10:14:36 |  50% ] processor  9 / 16, remaining: 9 s.
 [ 10:14:37 |  56% ] processor 10 / 16, remaining: 8 s.
 [ 10:14:39 |  69% ] processor 12 / 16, remaining: 6 s.
 [ 10:14:41 |  75% ] processor 13 / 16, remaining: 5 s.
 [ 10:14:43 |  88% ] processor 15 / 16, remaining: 2 s.
 Finished building polarizability matrix at 10:14:45.
 Elapsed time: 20 s.
 
 Done With Block Number:     1
 -----------------------------
 
 
 Valence Block Number:     2 of    10 || Pass     1 of     1
 -----------------------------------------------------------
 
 Using GPU support via OpenACC/OMP-Target implementation
 Using batch implementation, batch size:    20
 
 Started calculation of matrix elements with 26 transition(s) at 10:14:51.
 [ 10:14:51 |   0% ] transition  1 / 26.
 [ 10:14:53 |   8% ] transition  3 / 26, remaining: 12 s.
 [ 10:14:55 |  19% ] transition  6 / 26, remaining: 10 s.
 [ 10:14:56 |  27% ] transition  8 / 26, remaining: 9 s.
 [ 10:14:57 |  38% ] transition 11 / 26, remaining: 8 s.
 [ 10:14:59 |  50% ] transition 14 / 26, remaining: 6 s.
 [ 10:15:00 |  58% ] transition 16 / 26, remaining: 5 s.
 [ 10:15:01 |  69% ] transition 19 / 26, remaining: 4 s.
 [ 10:15:02 |  77% ] transition 21 / 26, remaining: 3 s.
 [ 10:15:03 |  88% ] transition 24 / 26, remaining: 1 s.
 Finished calculation of matrix elements at 10:15:05.
 Elapsed time: 14 s.
 
 CHI summation GPU algorithm offloading all matrix elements to device.
 
 Started building polarizability matrix with 16 processor(s) at 10:15:05.
 [ 10:15:07 |   0% ] processor  1 / 16.
 [ 10:15:08 |   6% ] processor  2 / 16.
 [ 10:15:09 |  13% ] processor  3 / 16, remaining: 16 s.
 [ 10:15:10 |  19% ] processor  4 / 16, remaining: 15 s.
 [ 10:15:11 |  25% ] processor  5 / 16, remaining: 14 s.
 [ 10:15:13 |  38% ] processor  7 / 16, remaining: 11 s.
 [ 10:15:16 |  50% ] processor  9 / 16, remaining: 9 s.
 [ 10:15:17 |  56% ] processor 10 / 16, remaining: 8 s.
 [ 10:15:19 |  69% ] processor 12 / 16, remaining: 6 s.
 [ 10:15:20 |  75% ] processor 13 / 16, remaining: 5 s.
 [ 10:15:22 |  88% ] processor 15 / 16, remaining: 2 s.
 Finished building polarizability matrix at 10:15:25.
 Elapsed time: 20 s.
 
 Done With Block Number:     2
 -----------------------------
 
 
 Valence Block Number:     3 of    10 || Pass     1 of     1
 -----------------------------------------------------------
 
 Using GPU support via OpenACC/OMP-Target implementation
 Using batch implementation, batch size:    20
 
 Started calculation of matrix elements with 26 transition(s) at 10:15:31.
 [ 10:15:31 |   0% ] transition  1 / 26.
 [ 10:15:33 |   8% ] transition  3 / 26, remaining: 12 s.
 [ 10:15:34 |  19% ] transition  6 / 26, remaining: 10 s.
 [ 10:15:35 |  27% ] transition  8 / 26, remaining: 9 s.
 [ 10:15:37 |  38% ] transition 11 / 26, remaining: 8 s.
 [ 10:15:38 |  50% ] transition 14 / 26, remaining: 6 s.
 [ 10:15:39 |  58% ] transition 16 / 26, remaining: 5 s.
 [ 10:15:40 |  69% ] transition 19 / 26, remaining: 4 s.
 [ 10:15:41 |  77% ] transition 21 / 26, remaining: 3 s.
 [ 10:15:43 |  88% ] transition 24 / 26, remaining: 1 s.
 Finished calculation of matrix elements at 10:15:44.
 Elapsed time: 14 s.
 
 CHI summation GPU algorithm offloading all matrix elements to device.
 
 Started building polarizability matrix with 16 processor(s) at 10:15:44.
 [ 10:15:46 |   0% ] processor  1 / 16.
 [ 10:15:47 |   6% ] processor  2 / 16.
 [ 10:15:48 |  13% ] processor  3 / 16, remaining: 16 s.
 [ 10:15:49 |  19% ] processor  4 / 16, remaining: 15 s.
 [ 10:15:51 |  25% ] processor  5 / 16, remaining: 13 s.
 [ 10:15:53 |  38% ] processor  7 / 16, remaining: 11 s.
 [ 10:15:55 |  50% ] processor  9 / 16, remaining: 9 s.
 [ 10:15:56 |  56% ] processor 10 / 16, remaining: 8 s.
 [ 10:15:58 |  69% ] processor 12 / 16, remaining: 6 s.
 [ 10:16:00 |  75% ] processor 13 / 16, remaining: 4 s.
 [ 10:16:02 |  88% ] processor 15 / 16, remaining: 2 s.
 Finished building polarizability matrix at 10:16:04.
 Elapsed time: 20 s.
 
 Done With Block Number:     3
 -----------------------------
 
 
 Valence Block Number:     4 of    10 || Pass     1 of     1
 -----------------------------------------------------------
 
 Using GPU support via OpenACC/OMP-Target implementation
 Using batch implementation, batch size:    20
 
 Started calculation of matrix elements with 26 transition(s) at 10:16:10.
 [ 10:16:10 |   0% ] transition  1 / 26.
 [ 10:16:12 |   8% ] transition  3 / 26, remaining: 12 s.
 [ 10:16:14 |  19% ] transition  6 / 26, remaining: 10 s.
 [ 10:16:15 |  27% ] transition  8 / 26, remaining: 9 s.
 [ 10:16:16 |  38% ] transition 11 / 26, remaining: 8 s.
 [ 10:16:18 |  50% ] transition 14 / 26, remaining: 6 s.
 [ 10:16:18 |  58% ] transition 16 / 26, remaining: 5 s.
 [ 10:16:20 |  69% ] transition 19 / 26, remaining: 4 s.
 [ 10:16:21 |  77% ] transition 21 / 26, remaining: 3 s.
 [ 10:16:22 |  88% ] transition 24 / 26, remaining: 1 s.
 Finished calculation of matrix elements at 10:16:24.
 Elapsed time: 14 s.
 
 CHI summation GPU algorithm offloading all matrix elements to device.
 
 Started building polarizability matrix with 16 processor(s) at 10:16:24.
 [ 10:16:25 |   0% ] processor  1 / 16.
 [ 10:16:27 |   6% ] processor  2 / 16.
 [ 10:16:28 |  13% ] processor  3 / 16, remaining: 16 s.
 [ 10:16:29 |  19% ] processor  4 / 16, remaining: 15 s.
 [ 10:16:30 |  25% ] processor  5 / 16, remaining: 14 s.
 [ 10:16:32 |  38% ] processor  7 / 16, remaining: 11 s.
 [ 10:16:34 |  50% ] processor  9 / 16, remaining: 9 s.
 [ 10:16:36 |  56% ] processor 10 / 16, remaining: 8 s.
 [ 10:16:38 |  69% ] processor 12 / 16, remaining: 6 s.
 [ 10:16:39 |  75% ] processor 13 / 16, remaining: 5 s.
 [ 10:16:41 |  88% ] processor 15 / 16, remaining: 2 s.
 Finished building polarizability matrix at 10:16:44.
 Elapsed time: 20 s.
 
 Done With Block Number:     4
 -----------------------------
 
 
 Valence Block Number:     5 of    10 || Pass     1 of     1
 -----------------------------------------------------------
 
 Using GPU support via OpenACC/OMP-Target implementation
 Using batch implementation, batch size:    20
 
 Started calculation of matrix elements with 26 transition(s) at 10:16:49.
 [ 10:16:49 |   0% ] transition  1 / 26.
 [ 10:16:52 |   8% ] transition  3 / 26, remaining: 12 s.
 [ 10:16:53 |  19% ] transition  6 / 26, remaining: 10 s.
 [ 10:16:54 |  27% ] transition  8 / 26, remaining: 9 s.
 [ 10:16:56 |  38% ] transition 11 / 26, remaining: 8 s.
 [ 10:16:57 |  50% ] transition 14 / 26, remaining: 6 s.
 [ 10:16:58 |  58% ] transition 16 / 26, remaining: 5 s.
 [ 10:16:59 |  69% ] transition 19 / 26, remaining: 4 s.
 [ 10:17:00 |  77% ] transition 21 / 26, remaining: 3 s.
 [ 10:17:02 |  88% ] transition 24 / 26, remaining: 1 s.
 Finished calculation of matrix elements at 10:17:03.
 Elapsed time: 14 s.
 
 CHI summation GPU algorithm offloading all matrix elements to device.
 
 Started building polarizability matrix with 16 processor(s) at 10:17:03.
 [ 10:17:05 |   0% ] processor  1 / 16.
 [ 10:17:06 |   6% ] processor  2 / 16.
 [ 10:17:07 |  13% ] processor  3 / 16, remaining: 16 s.
 [ 10:17:08 |  19% ] processor  4 / 16, remaining: 15 s.
 [ 10:17:09 |  25% ] processor  5 / 16, remaining: 14 s.
 [ 10:17:12 |  38% ] processor  7 / 16, remaining: 11 s.
 [ 10:17:14 |  50% ] processor  9 / 16, remaining: 9 s.
 [ 10:17:15 |  56% ] processor 10 / 16, remaining: 8 s.
 [ 10:17:17 |  69% ] processor 12 / 16, remaining: 6 s.
 [ 10:17:18 |  75% ] processor 13 / 16, remaining: 5 s.
 [ 10:17:21 |  88% ] processor 15 / 16, remaining: 2 s.
 Finished building polarizability matrix at 10:17:23.
 Elapsed time: 20 s.
 
 Done With Block Number:     5
 -----------------------------
 
 
 Valence Block Number:     6 of    10 || Pass     1 of     1
 -----------------------------------------------------------
 
 Using GPU support via OpenACC/OMP-Target implementation
 Using batch implementation, batch size:    20
 
 Started calculation of matrix elements with 26 transition(s) at 10:17:29.
 [ 10:17:29 |   0% ] transition  1 / 26.
 [ 10:17:31 |   8% ] transition  3 / 26, remaining: 12 s.
 [ 10:17:33 |  19% ] transition  6 / 26, remaining: 10 s.
 [ 10:17:34 |  27% ] transition  8 / 26, remaining: 9 s.
 [ 10:17:35 |  38% ] transition 11 / 26, remaining: 8 s.
 [ 10:17:36 |  50% ] transition 14 / 26, remaining: 6 s.
 [ 10:17:37 |  58% ] transition 16 / 26, remaining: 5 s.
 [ 10:17:39 |  69% ] transition 19 / 26, remaining: 4 s.
 [ 10:17:40 |  77% ] transition 21 / 26, remaining: 3 s.
 [ 10:17:41 |  88% ] transition 24 / 26, remaining: 1 s.
 Finished calculation of matrix elements at 10:17:43.
 Elapsed time: 14 s.
 
 CHI summation GPU algorithm offloading all matrix elements to device.
 
 Started building polarizability matrix with 16 processor(s) at 10:17:43.
 [ 10:17:44 |   0% ] processor  1 / 16.
 [ 10:17:45 |   6% ] processor  2 / 16.
 [ 10:17:47 |  13% ] processor  3 / 16, remaining: 16 s.
 [ 10:17:48 |  19% ] processor  4 / 16, remaining: 15 s.
 [ 10:17:49 |  25% ] processor  5 / 16, remaining: 13 s.
 [ 10:17:51 |  38% ] processor  7 / 16, remaining: 11 s.
 [ 10:17:53 |  50% ] processor  9 / 16, remaining: 9 s.
 [ 10:17:54 |  56% ] processor 10 / 16, remaining: 8 s.
 [ 10:17:57 |  69% ] processor 12 / 16, remaining: 6 s.
 [ 10:17:58 |  75% ] processor 13 / 16, remaining: 4 s.
 [ 10:18:00 |  88% ] processor 15 / 16, remaining: 2 s.
 Finished building polarizability matrix at 10:18:02.
 Elapsed time: 20 s.
 
 Done With Block Number:     6
 -----------------------------
 
 
 Valence Block Number:     7 of    10 || Pass     1 of     1
 -----------------------------------------------------------
 
 Using GPU support via OpenACC/OMP-Target implementation
 Using batch implementation, batch size:    20
 
 Started calculation of matrix elements with 26 transition(s) at 10:18:08.
 [ 10:18:08 |   0% ] transition  1 / 26.
 [ 10:18:11 |   8% ] transition  3 / 26, remaining: 12 s.
 [ 10:18:12 |  19% ] transition  6 / 26, remaining: 10 s.
 [ 10:18:13 |  27% ] transition  8 / 26, remaining: 9 s.
 [ 10:18:14 |  38% ] transition 11 / 26, remaining: 8 s.
 [ 10:18:16 |  50% ] transition 14 / 26, remaining: 6 s.
 [ 10:18:17 |  58% ] transition 16 / 26, remaining: 5 s.
 [ 10:18:18 |  69% ] transition 19 / 26, remaining: 4 s.
 [ 10:18:19 |  77% ] transition 21 / 26, remaining: 3 s.
 [ 10:18:21 |  88% ] transition 24 / 26, remaining: 1 s.
 Finished calculation of matrix elements at 10:18:22.
 Elapsed time: 14 s.
 
 CHI summation GPU algorithm offloading all matrix elements to device.
 
 Started building polarizability matrix with 16 processor(s) at 10:18:22.
 [ 10:18:24 |   0% ] processor  1 / 16.
 [ 10:18:25 |   6% ] processor  2 / 16.
 [ 10:18:26 |  13% ] processor  3 / 16, remaining: 16 s.
 [ 10:18:27 |  19% ] processor  4 / 16, remaining: 15 s.
 [ 10:18:28 |  25% ] processor  5 / 16, remaining: 13 s.
 [ 10:18:31 |  38% ] processor  7 / 16, remaining: 11 s.
 [ 10:18:33 |  50% ] processor  9 / 16, remaining: 9 s.
 [ 10:18:34 |  56% ] processor 10 / 16, remaining: 8 s.
 [ 10:18:36 |  69% ] processor 12 / 16, remaining: 6 s.
 [ 10:18:37 |  75% ] processor 13 / 16, remaining: 4 s.
 [ 10:18:40 |  88% ] processor 15 / 16, remaining: 2 s.
 Finished building polarizability matrix at 10:18:42.
 Elapsed time: 20 s.
 
 Done With Block Number:     7
 -----------------------------
 
 
 Valence Block Number:     8 of    10 || Pass     1 of     1
 -----------------------------------------------------------
 
 Using GPU support via OpenACC/OMP-Target implementation
 Using batch implementation, batch size:    20
 
 Started calculation of matrix elements with 26 transition(s) at 10:18:48.
 [ 10:18:48 |   0% ] transition  1 / 26.
 [ 10:18:50 |   8% ] transition  3 / 26, remaining: 12 s.
 [ 10:18:51 |  19% ] transition  6 / 26, remaining: 10 s.
 [ 10:18:52 |  27% ] transition  8 / 26, remaining: 9 s.
 [ 10:18:54 |  38% ] transition 11 / 26, remaining: 8 s.
 [ 10:18:55 |  50% ] transition 14 / 26, remaining: 6 s.
 [ 10:18:56 |  58% ] transition 16 / 26, remaining: 5 s.
 [ 10:18:58 |  69% ] transition 19 / 26, remaining: 4 s.
 [ 10:18:59 |  77% ] transition 21 / 26, remaining: 3 s.
 [ 10:19:00 |  88% ] transition 24 / 26, remaining: 1 s.
 Finished calculation of matrix elements at 10:19:02.
 Elapsed time: 14 s.
 
 CHI summation GPU algorithm offloading all matrix elements to device.
 
 Started building polarizability matrix with 16 processor(s) at 10:19:02.
 [ 10:19:03 |   0% ] processor  1 / 16.
 [ 10:19:04 |   6% ] processor  2 / 16.
 [ 10:19:05 |  13% ] processor  3 / 16, remaining: 16 s.
 [ 10:19:07 |  19% ] processor  4 / 16, remaining: 15 s.
 [ 10:19:08 |  25% ] processor  5 / 16, remaining: 14 s.
 [ 10:19:10 |  38% ] processor  7 / 16, remaining: 11 s.
 [ 10:19:12 |  50% ] processor  9 / 16, remaining: 9 s.
 [ 10:19:13 |  56% ] processor 10 / 16, remaining: 8 s.
 [ 10:19:16 |  69% ] processor 12 / 16, remaining: 6 s.
 [ 10:19:17 |  75% ] processor 13 / 16, remaining: 5 s.
 [ 10:19:19 |  88% ] processor 15 / 16, remaining: 2 s.
 Finished building polarizability matrix at 10:19:21.
 Elapsed time: 20 s.
 
 Done With Block Number:     8
 -----------------------------
 
 
 Valence Block Number:     9 of    10 || Pass     1 of     1
 -----------------------------------------------------------
 
 Using GPU support via OpenACC/OMP-Target implementation
 Using batch implementation, batch size:    20
 
 Started calculation of matrix elements with 26 transition(s) at 10:19:27.
 [ 10:19:27 |   0% ] transition  1 / 26.
 [ 10:19:29 |   8% ] transition  3 / 26, remaining: 12 s.
 [ 10:19:31 |  19% ] transition  6 / 26, remaining: 10 s.
 [ 10:19:32 |  27% ] transition  8 / 26, remaining: 9 s.
 [ 10:19:33 |  38% ] transition 11 / 26, remaining: 8 s.
 [ 10:19:35 |  50% ] transition 14 / 26, remaining: 6 s.
 [ 10:19:36 |  58% ] transition 16 / 26, remaining: 5 s.
 [ 10:19:37 |  69% ] transition 19 / 26, remaining: 4 s.
 [ 10:19:38 |  77% ] transition 21 / 26, remaining: 3 s.
 [ 10:19:39 |  88% ] transition 24 / 26, remaining: 1 s.
 Finished calculation of matrix elements at 10:19:41.
 Elapsed time: 14 s.
 
 CHI summation GPU algorithm offloading all matrix elements to device.
 
 Started building polarizability matrix with 16 processor(s) at 10:19:41.
 [ 10:19:43 |   0% ] processor  1 / 16.
 [ 10:19:44 |   6% ] processor  2 / 16.
 [ 10:19:45 |  13% ] processor  3 / 16, remaining: 16 s.
 [ 10:19:46 |  19% ] processor  4 / 16, remaining: 15 s.
 [ 10:19:47 |  25% ] processor  5 / 16, remaining: 13 s.
 [ 10:19:49 |  38% ] processor  7 / 16, remaining: 11 s.
 [ 10:19:52 |  50% ] processor  9 / 16, remaining: 9 s.
 [ 10:19:53 |  56% ] processor 10 / 16, remaining: 8 s.
 [ 10:19:55 |  69% ] processor 12 / 16, remaining: 6 s.
 [ 10:19:56 |  75% ] processor 13 / 16, remaining: 4 s.
 [ 10:19:58 |  88% ] processor 15 / 16, remaining: 2 s.
 Finished building polarizability matrix at 10:20:01.
 Elapsed time: 20 s.
 
 Done With Block Number:     9
 -----------------------------
 
 
 Valence Block Number:    10 of    10 || Pass     1 of     1
 -----------------------------------------------------------
 
 Using GPU support via OpenACC/OMP-Target implementation
 Using batch implementation, batch size:    20
 
 Started calculation of matrix elements with 26 transition(s) at 10:20:07.
 [ 10:20:07 |   0% ] transition  1 / 26.
 [ 10:20:09 |   8% ] transition  3 / 26, remaining: 12 s.
 [ 10:20:10 |  19% ] transition  6 / 26, remaining: 10 s.
 [ 10:20:11 |  27% ] transition  8 / 26, remaining: 9 s.
 [ 10:20:13 |  38% ] transition 11 / 26, remaining: 8 s.
 [ 10:20:14 |  50% ] transition 14 / 26, remaining: 6 s.
 [ 10:20:15 |  58% ] transition 16 / 26, remaining: 5 s.
 [ 10:20:16 |  69% ] transition 19 / 26, remaining: 4 s.
 [ 10:20:17 |  77% ] transition 21 / 26, remaining: 3 s.
 Finished calculation of matrix elements at 10:20:18.
 Elapsed time: 11 s.
 
 CHI summation GPU algorithm offloading all matrix elements to device.
 
 Started building polarizability matrix with 16 processor(s) at 10:20:18.
 [ 10:20:20 |   0% ] processor  1 / 16.
 [ 10:20:21 |   6% ] processor  2 / 16.
 [ 10:20:22 |  13% ] processor  3 / 16, remaining: 15 s.
 [ 10:20:23 |  19% ] processor  4 / 16, remaining: 14 s.
 [ 10:20:24 |  25% ] processor  5 / 16, remaining: 13 s.
 [ 10:20:26 |  38% ] processor  7 / 16, remaining: 11 s.
 [ 10:20:28 |  50% ] processor  9 / 16, remaining: 9 s.
 [ 10:20:29 |  56% ] processor 10 / 16, remaining: 8 s.
 [ 10:20:32 |  69% ] processor 12 / 16, remaining: 5 s.
 [ 10:20:33 |  75% ] processor 13 / 16, remaining: 4 s.
 [ 10:20:35 |  88% ] processor 15 / 16, remaining: 2 s.
 Finished building polarizability matrix at 10:20:37.
 Elapsed time: 19 s.
 
 Done With Block Number:    10
 -----------------------------
 
 q-pt      1: Head of Epsilon         =     1.524681719435070E+01   -2.957126489178767E-18
 q-pt      1: Epsilon(2,2)            =     1.070898941170537E+01   -2.450187911789094E-17
 q-pt      1: Head of Epsilon Inverse =     7.338597034593317E-02    1.032898759772024E-20
 q-pt      1: Epsilon Inverse(2,2)    =     1.037812739896406E-01    2.625686249413475E-19
 
 For q0 points, you should check the symmetry (eps(G,G') = eps*(-G,-G')) by
 using the eps0sym code. Wavefunction convergence, as well as a finite q-shift
 may cause this property of eps(G,G') to be broken.

 Writing dielectric matrix to file
 Ok


********************************************************************************
*                                                                              *
* Your calculation employed methods and algorithms published in peer-reviewed  *
* papers. Please, cite the following references to give proper credit to their *
*          authors and help support future development of BerkeleyGW.          *
*                                                                              *
********************************************************************************

 J. Deslippe, G. Samsonidze, D. A. Strubbe, M. Jain, M. L. Cohen, and S. G.
 Louie, BerkeleyGW: A Massively Parallel Computer Package for the Calculation
 of the Quasiparticle and Optical Properties of Materials and Nanostructures,
 Computer Physics Communications 183, 1269 (2012).

 M. S. Hybertsen and S. G. Louie, Electron Correlation in Semiconductors and
 Insulators: Band Gaps and Quasiparticle Energies, Phys. Rev. B 34, 5390
 (1986).

 M. D. Ben, C. Yang, Z. Li, F. H. da Jornada, S. G. Louie, and J. Deslippe,
 Accelerating Large-Scale Excited-State GW Calculations on Leadership HPC
 Systems, SC20: International Conference for High Performance Computing,
 Networking, Storage and Analysis (2020).

********************************************************************************

 
 Timing information
 
                                CPU time (s)          WALL time (s)       Number
 Routine                       min        max        min        max     of calls
 -------------------------  ---------  ---------  ---------  ---------  --------
 - Eps (I/O) Comm                0.08       0.23       0.08       0.23         1
 - Eps (I/O) IO                 15.85      15.89      15.85      15.89         1
 - I/O TOTAL                    39.02      39.09      39.02      39.09         8
 - INPUT                        16.26      16.26      16.26      16.26         1
 - INPUT_Q                       7.48       7.54       7.48       7.54         1
 - FULLBZ                        0.00       0.00       0.00       0.00         1
 - GVEC                          0.00       0.00       0.00       0.00         1
 - SUBGRP                        0.00       0.00       0.00       0.00         1
 - IRRBZ                         0.00       0.00       0.00       0.00         1
 - GENWF                         9.96      10.17       9.97      10.17       255
 - MTXEL                       124.31     126.48     124.31     126.49       255
 - RQSTAR                        0.00       0.00       0.00       0.00        10
 - GMAP                          0.01       0.02       0.01       0.02        10
 - EPSINV (TOTAL)               51.61      51.94      51.61      51.94         1
 - CHI SUM (COMM)               23.54      28.24      23.54      28.25       480
 - CHI SUM (TOTAL)             196.55     198.84     196.55     198.84        10
 - GENWF (VAL)                   0.20       0.21       0.19       0.22       255
 - GENWF (COND)                  9.76       9.97       9.76       9.97        10
 - EPSINV (VCOUL)                0.00       0.33       0.00       0.33         1
 - JOB SETUP                     0.00       0.00       0.00       0.00         1
 - Q LOOP SETUP                  0.00       0.00       0.00       0.00         1
 - INIT CUTOFF                   0.00       0.00       0.00       0.00         1
 - INIT SCALAPACK                0.00       0.00       0.00       0.00         1
 - INIT ARRAYS                  16.82      17.04      16.83      17.04        11
 - MTXEL (DENOM)                 1.00       1.07       0.76       1.12    894285
 - MTXEL (FFT)                 124.31     126.48     124.31     126.48       255
 - GENWF (Ekin)                  0.01       0.01       0.01       0.01        20
 - GENWF (Sort)                  0.03       0.03       0.03       0.03         2
 - CHI SUM (zGEMM)             105.45     109.69     105.45     109.69       160
 - CHI SUM (PREP)               21.92      22.76      21.92      22.75       160
 - CHI SUM (ARRAY ALLOC)         8.44       8.46       8.44       8.46       160
 - EPSINV (I/O)                 16.06      16.09      16.06      16.09         1
 - EPSINV (INVERT)              34.55      34.57      34.55      34.57         1
 - CHI SUM (BAR)                 0.51       3.65       0.51       3.65        10
 - FFT MLTPLY                   23.95      25.35      24.04      26.11    894285
 - TOTAL                       468.21     468.21     468.21     468.21         1
 
 Job Done
 
