Slurm_JobID:  5954700
[ Sat Nov  2 06:45:30 MDT 2024 ] gm: logging nvidia-smi results every 0.1 seconds.
[ Sat Nov  2 06:45:31 MDT 2024 ] gm: Launching nvidia-smi on 16 node(s).

 BerkeleyGW version 4.0+git 8511836-dirty by Jacob Clary <jacl0659@ed1.ib0.cm.hpc.nrel.gov> at 2024-03-13 16:03:19 -0600
 Epsilon code, Complex version, run on 02-Nov-2024 at 06:45:46 -0600

                                                                 ..o.          
                                                                .oxxo.         
                                                               .oxxxxo...      
                                                               oxxxxxxo.       
                                                              .oxxxxxxx.       
                                                              .ooooooxxo..     
                                                              .oooooooxo..     
                                                              .oooooxxo...     
                                                       .........oxooo......    
                                                 ............................  
                                             ................................. 
                                          .................................... 
           .          ..oo. ....  .................................oooxxxxxxxo.
     .............oxxxx@ox@@@x@x.....................o...........ooooooooooxx. 
    .o.........oox@x.oo........xxx@@............ooxxxxo..........ooooxxxxxoxo  
    .x........x@xxo...............o@xxo........oxxx@@@xoooooooooooooooxxxo...  
    .o......ox@@o..................oox@o.....ooxxx@xoooxxxxxxxoooooooooooo.... 
    o..ooooo@@xoooo....ooo...........x@o.....ooxxxxo   .oxxxxxxxxxxooooooo.... 
    . .oooo@@@@@@@@@@@@@@@@@@@@@@@@@@@@@@....ooooox.     .oxx@@@@@xxoo........ 
      .ooooxxxxxxxooooooxooooooooooooooxo...oooooxx.        ..ox@xxxoo.........
      .ooooooxxxx@xoooooooooooooxxoooooooooooxxxxx.            .oxxooooooooxxo.
     .oooooxxxxx@@@xxxxxxxxxxxxxxxxxxxxxxxxoxxxxo.                .oxxxxxxxxo. 
   ....oooxxxxx@@@xo..oxxx@@@@@@xxxxoxxoooooooxx.                  .oxxxoo..   
  .....ooxxxx@@xo.       ........    .ooooooooxxo                              
  ..oooxxxx@@@o                       .oooooooxoo.                             
  ....oxooxxxxx.                       .ooo..oooo.                             
  .....o.ooxxxxxo.                     .oooooooxo.                             
 ......ooooxxxxxxo.                     .ooooooxoo..                           
........ooxxxxxxxo..                     .o....oxoo...                         
.......ooooxxxxxxxo.                     ........oooo.                         
.ooooooo..ooxxxxoooo.                    .........ooo...                       
..oxo...ooooxxxoooo..                    .ooo......oooo...                     
  .ooooo....o.                            .oxxxoo....ooo....                   
    .oooooo...                              ...ooooo...ooo..                   
       ...                                     .oo.......                      
                                               ....ooo...                      
                      __              __                                       
 ______              [  |            [  |                 ._____  _          _ 
|_   _               | |  _          | |                /  ___ | |        | |
  | |_) | .---.  _. _.| | / |  .---.  | | .---.  _    _ / /    _|   /  / / 
  |  __'./ /__\[ /`_| '' <  / /__\ | |/ /__\|   | | |   _____  /  / /  
 _| |__| | __. | |   | |`  | ___. | || ___.  / /  .___| |    /  /   
|_______/ .__./[_]  [__|  _] .__./[___].__./    /   .____./    /  /    
                                                  / /                          
                                                 /_/                           
 --------------------------------------------------------------------------------
 Please cite the main BerkeleyGW paper when using results from this calculation:

 Jack Deslippe, Georgy Samsonidze, David A. Strubbe, Manish Jain, Marvin L.
 Cohen, and Steven G. Louie, "BerkeleyGW: A Massively Parallel Computer Package
 for the Calculation of the Quasiparticle and Optical Properties of Materials
 and Nanostructures," Comput. Phys. Commun. 183, 1269 (2012)

 Aditionally, PLEASE CITE ALL PAPERS REPORTED AT THE END OF THIS CALCULATION.
 --------------------------------------------------------------------------------

 Running MPI version (parallel)
 Running with 64 MPI task(s)
 Using OpenMP. Number of threads per MPI task: 16
 Number of threads used for sorting routines: 1

 Compilation flags:
 - Compiler: NVHPC
 - Para. flags: MPI, OMP
 - Math  flags: USESCALAPACK, UNPACKED, USEFFTW3, HDF5
 - Debug flags: 

 Running with verbosity level 1 (default).

 We will start a new calculation from scratch.

 Experimental Features:
  - FFTs Optimization Level: 0
  - Use HDF5 Parallel IO: T

 
 We`ll perform a uniform sampling of the full BZ.
 
 Computing the static inverse dielectric matrix

 We are using matrix communication scheme

 We are using non-blocking cyclic communication scheme

 Using block algorithm over valence bands

 We are communicating via MPI

 We are using no truncation
 Reading header of WFN.h5
 Highest occupied band (unshifted grid) = 1020
 Valence max    (unshifted grid) = 6.235005 eV
 Conduction min (unshifted grid) = 6.617391 eV
 Middle energy  (unshifted grid) = 6.426198 eV
 Fermi  energy  (unshifted grid) = 6.426198 eV

 Reading header of WFNq.h5
 Highest occupied band (shifted grid) = 1020

 Calculation parameters:
 - Cutoff of the dielectric matrix (Ry): 8.00
 - Total number of bands in the calculation: 15045
 - Number of fully occupied valence bands: 1020
 - Number of partially occ. conduction bands: 0
 - Monkhorst-Pack q-grid for epsilon(q): 1 1 1
 
 Running with 4 valence pools
 Number of conduction bands per processor: 877
 Number of valence bands per processor: 255

 Memory available: 93811.1 MB per PE
 Memory required for execution: 42330.3 MB per PE
 Memory required for vcoul: 0.0 MB per PE

 Valence block alogorithm info
 Max memory allowed per valence block (Gb):    80.00
 Memory for a single valence band (Gb):         0.74
 Number of valence bands per block:             107

 Number of electrons per unit cell (from ifmax) = 2040.000000
 Number of electrons per unit cell (from occupations) = 2040.000000
 Plasma Frequency = 1.217761 Ry

 Reading using H5FD_MPIO_INDEPENDENT.
 Using communication style:  1
 
 Reading using H5FD_MPIO_INDEPENDENT.
 Using communication style:  1
 
 Initializing eps0mat.h5
 - Screened Coulomb cutoff: 8.000 Ry
 - Total number of bands: 15045
 - Number of q-points: 1

 Scissors parameters:
 - Valence:    es =   0.0000 eV, e0 =   0.0000 eV, edel =   0.0000
 - Conduction: es =   0.0000 eV, e0 =   0.0000 eV, edel =   0.0000

 Q0 and |Q0| =  0.000000  0.000000  0.100000  0.015308

 GPU acceleration is : ENABLED
 
 Algorithms used:
 - mtxel         : OPENACC_ALGO
 - chi_summation : OPENACC_ALGO
 
 You have a slightly shifted q0 vector and a semiconductor.
 So, reading from WFNq.
 Reading header of WFNq.h5
 Highest occupied band (shifted grid) = 1020
 Reading using H5FD_MPIO_INDEPENDENT.
 Using communication style:  1
 
 Summary of the WFN files:
 - Number of k-points in WFN: 1
 - Number of k-points in WFNq: 1
 - Number of k-points in the full BZ of WFN: 1

================================================================================
 06:46:12   Dealing with q =  0.000000  0.000000  0.100000                 1 / 1
================================================================================

 This is the special q->0 point.
 Rank of the polarizability matrix (nmtx): 26529
 
 BLACS processor grid:   8 x   8; BLOCKSIZE =   32
 
 Number of k-points in the irreducible BZ(q) (nrk): 1
 
 ========================================================
 == Start Building Polarizability Using:     3 Blocks. ==
 ========================================================
 
 Valence Block Number:     1 of     3 || Pass     1 of     1
 -----------------------------------------------------------
 
 Using GPU support via OpenACC/OMP-Target implementation
 Using batch implementation, batch size:    20
 
 Started calculation of matrix elements with 107 transition(s) at 06:46:15.
 [ 06:46:15 |   0% ] transition   1 / 107.
 [ 06:46:16 |   2% ] transition   3 / 107, remaining: 12 s.
 [ 06:46:17 |   9% ] transition  11 / 107, remaining: 11 s.
 [ 06:46:18 |  20% ] transition  22 / 107, remaining: 10 s.
 [ 06:46:19 |  30% ] transition  33 / 107, remaining: 9 s.
 [ 06:46:21 |  39% ] transition  43 / 107, remaining: 8 s.
 [ 06:46:22 |  50% ] transition  54 / 107, remaining: 6 s.
 [ 06:46:23 |  60% ] transition  65 / 107, remaining: 5 s.
 [ 06:46:24 |  69% ] transition  75 / 107, remaining: 4 s.
 [ 06:46:26 |  79% ] transition  86 / 107, remaining: 3 s.
 [ 06:46:27 |  90% ] transition  97 / 107, remaining: 1 s.
 [ 06:46:28 |  99% ] transition 107 / 107, remaining: 0 s.
 Finished calculation of matrix elements at 06:46:28.
 Elapsed time: 13 s.
 
 CHI summation GPU algorithm offloading only submatrices to device.
 
 Started building polarizability matrix with 64 processor(s) at 06:46:28.
 [ 06:46:28 |   0% ] processor  1 / 64.
 [ 06:46:30 |   3% ] processor  3 / 64, remaining: 55 s.
 [ 06:46:34 |   9% ] processor  7 / 64, remaining: 52 s.
 [ 06:46:39 |  19% ] processor 13 / 64, remaining: 46 s.
 [ 06:46:45 |  30% ] processor 20 / 64, remaining: 40 s.
 [ 06:46:50 |  39% ] processor 26 / 64, remaining: 34 s.
 [ 06:46:57 |  50% ] processor 33 / 64, remaining: 28 s.
 [ 06:47:02 |  59% ] processor 39 / 64, remaining: 23 s.
 [ 06:47:07 |  69% ] processor 45 / 64, remaining: 18 s.
 [ 06:47:13 |  80% ] processor 52 / 64, remaining: 11 s.
 [ 06:47:19 |  89% ] processor 58 / 64, remaining: 6 s.
 Finished building polarizability matrix at 06:47:25.
 Elapsed time: 57 s.
 
 Done With Block Number:     1
 -----------------------------
 
 
 Valence Block Number:     2 of     3 || Pass     1 of     1
 -----------------------------------------------------------
 
 Using GPU support via OpenACC/OMP-Target implementation
 Using batch implementation, batch size:    20
 
 Started calculation of matrix elements with 107 transition(s) at 06:47:28.
 [ 06:47:28 |   0% ] transition   1 / 107.
 [ 06:47:28 |   2% ] transition   3 / 107, remaining: 12 s.
 [ 06:47:29 |   9% ] transition  11 / 107, remaining: 11 s.
 [ 06:47:31 |  20% ] transition  22 / 107, remaining: 10 s.
 [ 06:47:32 |  30% ] transition  33 / 107, remaining: 9 s.
 [ 06:47:33 |  39% ] transition  43 / 107, remaining: 8 s.
 [ 06:47:34 |  50% ] transition  54 / 107, remaining: 6 s.
 [ 06:47:36 |  60% ] transition  65 / 107, remaining: 5 s.
 [ 06:47:37 |  69% ] transition  75 / 107, remaining: 4 s.
 [ 06:47:38 |  79% ] transition  86 / 107, remaining: 3 s.
 [ 06:47:39 |  90% ] transition  97 / 107, remaining: 1 s.
 [ 06:47:40 |  99% ] transition 107 / 107, remaining: 0 s.
 Finished calculation of matrix elements at 06:47:41.
 Elapsed time: 13 s.
 
 CHI summation GPU algorithm offloading only submatrices to device.
 
 Started building polarizability matrix with 64 processor(s) at 06:47:42.
 [ 06:47:42 |   0% ] processor  1 / 64.
 [ 06:47:44 |   3% ] processor  3 / 64, remaining: 55 s.
 [ 06:47:47 |   9% ] processor  7 / 64, remaining: 52 s.
 [ 06:47:52 |  19% ] processor 13 / 64, remaining: 46 s.
 [ 06:47:58 |  30% ] processor 20 / 64, remaining: 39 s.
 [ 06:48:04 |  39% ] processor 26 / 64, remaining: 34 s.
 [ 06:48:10 |  50% ] processor 33 / 64, remaining: 28 s.
 [ 06:48:15 |  59% ] processor 39 / 64, remaining: 23 s.
 [ 06:48:21 |  69% ] processor 45 / 64, remaining: 18 s.
 [ 06:48:27 |  80% ] processor 52 / 64, remaining: 11 s.
 [ 06:48:32 |  89% ] processor 58 / 64, remaining: 6 s.
 Finished building polarizability matrix at 06:48:39.
 Elapsed time: 57 s.
 
 Done With Block Number:     2
 -----------------------------
 
 
 Valence Block Number:     3 of     3 || Pass     1 of     1
 -----------------------------------------------------------
 
 Using GPU support via OpenACC/OMP-Target implementation
 Using batch implementation, batch size:    20
 
 Started calculation of matrix elements with 107 transition(s) at 06:48:41.
 [ 06:48:41 |   0% ] transition   1 / 107.
 [ 06:48:42 |   2% ] transition   3 / 107, remaining: 12 s.
 [ 06:48:43 |   9% ] transition  11 / 107, remaining: 11 s.
 [ 06:48:44 |  20% ] transition  22 / 107, remaining: 10 s.
 [ 06:48:45 |  30% ] transition  33 / 107, remaining: 9 s.
 Finished calculation of matrix elements at 06:48:46.
 Elapsed time: 5 s.
 
 CHI summation GPU algorithm offloading only submatrices to device.
 
 Started building polarizability matrix with 64 processor(s) at 06:48:48.
 [ 06:48:48 |   0% ] processor  1 / 64.
 [ 06:48:49 |   3% ] processor  3 / 64, remaining: 56 s.
 [ 06:48:53 |   9% ] processor  7 / 64, remaining: 51 s.
 [ 06:48:58 |  19% ] processor 13 / 64, remaining: 44 s.
 [ 06:49:04 |  30% ] processor 20 / 64, remaining: 38 s.
 [ 06:49:09 |  39% ] processor 26 / 64, remaining: 33 s.
 [ 06:49:15 |  50% ] processor 33 / 64, remaining: 27 s.
 [ 06:49:20 |  59% ] processor 39 / 64, remaining: 22 s.
 [ 06:49:25 |  69% ] processor 45 / 64, remaining: 17 s.
 [ 06:49:31 |  80% ] processor 52 / 64, remaining: 11 s.
 [ 06:49:37 |  89% ] processor 58 / 64, remaining: 6 s.
 Finished building polarizability matrix at 06:49:43.
 Elapsed time: 55 s.
 
 Done With Block Number:     3
 -----------------------------
 
 q-pt      1: Head of Epsilon         =     1.524681719435080E+01    2.510077381127666E-17
 q-pt      1: Epsilon(2,2)            =     1.070898941170528E+01   -1.683335653718782E-17
 q-pt      1: Head of Epsilon Inverse =     7.338597034593262E-02   -1.336217902831455E-19
 q-pt      1: Epsilon Inverse(2,2)    =     1.037812739896415E-01    1.812210436966148E-19
 
 For q0 points, you should check the symmetry (eps(G,G') = eps*(-G,-G')) by
 using the eps0sym code. Wavefunction convergence, as well as a finite q-shift
 may cause this property of eps(G,G') to be broken.

 Writing dielectric matrix to file
 Ok


********************************************************************************
*                                                                              *
* Your calculation employed methods and algorithms published in peer-reviewed  *
* papers. Please, cite the following references to give proper credit to their *
*          authors and help support future development of BerkeleyGW.          *
*                                                                              *
********************************************************************************

 J. Deslippe, G. Samsonidze, D. A. Strubbe, M. Jain, M. L. Cohen, and S. G.
 Louie, BerkeleyGW: A Massively Parallel Computer Package for the Calculation
 of the Quasiparticle and Optical Properties of Materials and Nanostructures,
 Computer Physics Communications 183, 1269 (2012).

 M. S. Hybertsen and S. G. Louie, Electron Correlation in Semiconductors and
 Insulators: Band Gaps and Quasiparticle Energies, Phys. Rev. B 34, 5390
 (1986).

 M. D. Ben, C. Yang, Z. Li, F. H. da Jornada, S. G. Louie, and J. Deslippe,
 Accelerating Large-Scale Excited-State GW Calculations on Leadership HPC
 Systems, SC20: International Conference for High Performance Computing,
 Networking, Storage and Analysis (2020).

********************************************************************************

 
 Timing information
 
                                CPU time (s)          WALL time (s)       Number
 Routine                       min        max        min        max     of calls
 -------------------------  ---------  ---------  ---------  ---------  --------
 - Eps (I/O) Comm                0.03       0.68       0.02       0.68         1
 - Eps (I/O) IO                 10.10      10.73      10.10      10.73         1
 - I/O TOTAL                    35.04      35.26      35.04      35.26         8
 - INPUT                        17.51      17.54      17.51      17.54         1
 - INPUT_Q                       7.52       7.73       7.52       7.73         1
 - FULLBZ                        0.00       0.00       0.00       0.00         1
 - GVEC                          0.00       0.00       0.00       0.00         1
 - SUBGRP                        0.00       0.00       0.00       0.00         1
 - IRRBZ                         0.00       0.00       0.00       0.00         1
 - GENWF                         0.93       0.96       0.92       0.97       255
 - MTXEL                        29.22      30.35      29.22      30.35       255
 - RQSTAR                        0.00       0.00       0.00       0.00         3
 - GMAP                          0.00       0.01       0.00       0.01         3
 - EPSINV (TOTAL)               22.79      24.36      22.79      24.36         1
 - CHI SUM (COMM)                5.54       8.56       5.54       8.57       576
 - CHI SUM (TOTAL)             170.89     172.92     170.89     172.92         3
 - GENWF (VAL)                   0.18       0.19       0.16       0.21       255
 - GENWF (COND)                  0.74       0.77       0.74       0.77         3
 - EPSINV (VCOUL)                0.00       1.57       0.00       1.57         1
 - JOB SETUP                     0.00       0.00       0.00       0.00         1
 - Q LOOP SETUP                  0.00       0.00       0.00       0.01         1
 - INIT CUTOFF                   0.00       0.00       0.00       0.00         1
 - INIT SCALAPACK                0.01       0.01       0.01       0.01         1
 - INIT ARRAYS                   3.81       4.20       3.81       4.21         4
 - MTXEL (DENOM)                 0.26       0.28       0.22       0.30    223635
 - MTXEL (FFT)                  29.22      30.35      29.22      30.35       255
 - GENWF (Ekin)                  0.00       0.00       0.00       0.01         6
 - GENWF (Sort)                  0.03       0.04       0.03       0.04         2
 - CHI SUM (zGEMM)             103.52     106.00     103.53     106.00       192
 - CHI SUM (PREP)               53.71      54.58      53.70      54.58       192
 - CHI SUM (ARRAY ALLOC)         1.26       1.37       1.24       1.36       192
 - EPSINV (I/O)                 10.88      10.89      10.88      10.89         1
 - EPSINV (INVERT)              11.51      11.52      11.51      11.52         1
 - CHI SUM (BAR)                 0.54       4.05       0.54       4.05         3
 - FFT MLTPLY                    4.78       5.08       4.74       5.21    223635
 - TOTAL                       260.86     260.89     260.86     260.89         1
 
 Job Done
 
gpu_monitor.parse_xml: 5954700-job.info file not found! This may mean that your job didn't run as expected. Attempting to summarize XML data without verifying data integrity.
