Slurm_JobID:  5954701
[ Sat Nov  2 06:46:22 MDT 2024 ] gm: logging nvidia-smi results every 0.1 seconds.
[ Sat Nov  2 06:46:23 MDT 2024 ] gm: Launching nvidia-smi on 8 node(s).

 BerkeleyGW version 4.0+git 8511836-dirty by Jacob Clary <jacl0659@ed1.ib0.cm.hpc.nrel.gov> at 2024-03-13 16:03:19 -0600
 Epsilon code, Complex version, run on 02-Nov-2024 at 06:46:33 -0600

                                                                 ..o.          
                                                                .oxxo.         
                                                               .oxxxxo...      
                                                               oxxxxxxo.       
                                                              .oxxxxxxx.       
                                                              .ooooooxxo..     
                                                              .oooooooxo..     
                                                              .oooooxxo...     
                                                       .........oxooo......    
                                                 ............................  
                                             ................................. 
                                          .................................... 
           .          ..oo. ....  .................................oooxxxxxxxo.
     .............oxxxx@ox@@@x@x.....................o...........ooooooooooxx. 
    .o.........oox@x.oo........xxx@@............ooxxxxo..........ooooxxxxxoxo  
    .x........x@xxo...............o@xxo........oxxx@@@xoooooooooooooooxxxo...  
    .o......ox@@o..................oox@o.....ooxxx@xoooxxxxxxxoooooooooooo.... 
    o..ooooo@@xoooo....ooo...........x@o.....ooxxxxo   .oxxxxxxxxxxooooooo.... 
    . .oooo@@@@@@@@@@@@@@@@@@@@@@@@@@@@@@....ooooox.     .oxx@@@@@xxoo........ 
      .ooooxxxxxxxooooooxooooooooooooooxo...oooooxx.        ..ox@xxxoo.........
      .ooooooxxxx@xoooooooooooooxxoooooooooooxxxxx.            .oxxooooooooxxo.
     .oooooxxxxx@@@xxxxxxxxxxxxxxxxxxxxxxxxoxxxxo.                .oxxxxxxxxo. 
   ....oooxxxxx@@@xo..oxxx@@@@@@xxxxoxxoooooooxx.                  .oxxxoo..   
  .....ooxxxx@@xo.       ........    .ooooooooxxo                              
  ..oooxxxx@@@o                       .oooooooxoo.                             
  ....oxooxxxxx.                       .ooo..oooo.                             
  .....o.ooxxxxxo.                     .oooooooxo.                             
 ......ooooxxxxxxo.                     .ooooooxoo..                           
........ooxxxxxxxo..                     .o....oxoo...                         
.......ooooxxxxxxxo.                     ........oooo.                         
.ooooooo..ooxxxxoooo.                    .........ooo...                       
..oxo...ooooxxxoooo..                    .ooo......oooo...                     
  .ooooo....o.                            .oxxxoo....ooo....                   
    .oooooo...                              ...ooooo...ooo..                   
       ...                                     .oo.......                      
                                               ....ooo...                      
                      __              __                                       
 ______              [  |            [  |                 ._____  _          _ 
|_   _               | |  _          | |                /  ___ | |        | |
  | |_) | .---.  _. _.| | / |  .---.  | | .---.  _    _ / /    _|   /  / / 
  |  __'./ /__\[ /`_| '' <  / /__\ | |/ /__\|   | | |   _____  /  / /  
 _| |__| | __. | |   | |`  | ___. | || ___.  / /  .___| |    /  /   
|_______/ .__./[_]  [__|  _] .__./[___].__./    /   .____./    /  /    
                                                  / /                          
                                                 /_/                           
 --------------------------------------------------------------------------------
 Please cite the main BerkeleyGW paper when using results from this calculation:

 Jack Deslippe, Georgy Samsonidze, David A. Strubbe, Manish Jain, Marvin L.
 Cohen, and Steven G. Louie, "BerkeleyGW: A Massively Parallel Computer Package
 for the Calculation of the Quasiparticle and Optical Properties of Materials
 and Nanostructures," Comput. Phys. Commun. 183, 1269 (2012)

 Aditionally, PLEASE CITE ALL PAPERS REPORTED AT THE END OF THIS CALCULATION.
 --------------------------------------------------------------------------------

 Running MPI version (parallel)
 Running with 32 MPI task(s)
 Using OpenMP. Number of threads per MPI task: 16
 Number of threads used for sorting routines: 1

 Compilation flags:
 - Compiler: NVHPC
 - Para. flags: MPI, OMP
 - Math  flags: USESCALAPACK, UNPACKED, USEFFTW3, HDF5
 - Debug flags: 

 Running with verbosity level 1 (default).

 We will start a new calculation from scratch.

 Experimental Features:
  - FFTs Optimization Level: 0
  - Use HDF5 Parallel IO: T

 
 We`ll perform a uniform sampling of the full BZ.
 
 Computing the static inverse dielectric matrix

 We are using matrix communication scheme

 We are using non-blocking cyclic communication scheme

 Using block algorithm over valence bands

 We are communicating via MPI

 We are using no truncation
 Reading header of WFN.h5
 Highest occupied band (unshifted grid) = 1020
 Valence max    (unshifted grid) = 6.235005 eV
 Conduction min (unshifted grid) = 6.617391 eV
 Middle energy  (unshifted grid) = 6.426198 eV
 Fermi  energy  (unshifted grid) = 6.426198 eV

 Reading header of WFNq.h5
 Highest occupied band (shifted grid) = 1020

 Calculation parameters:
 - Cutoff of the dielectric matrix (Ry): 8.00
 - Total number of bands in the calculation: 15045
 - Number of fully occupied valence bands: 1020
 - Number of partially occ. conduction bands: 0
 - Monkhorst-Pack q-grid for epsilon(q): 1 1 1
 
 Running with 4 valence pools
 Number of conduction bands per processor: 1754
 Number of valence bands per processor: 255

 Memory available: 93813.7 MB per PE
 Memory required for execution: 45518.2 MB per PE
 Memory required for vcoul: 0.0 MB per PE

 Valence block alogorithm info
 Max memory allowed per valence block (Gb):    80.00
 Memory for a single valence band (Gb):         1.49
 Number of valence bands per block:              53

 Number of electrons per unit cell (from ifmax) = 2040.000000
 Number of electrons per unit cell (from occupations) = 2040.000000
 Plasma Frequency = 1.217761 Ry

 Reading using H5FD_MPIO_INDEPENDENT.
 Using communication style:  1
 
 Reading using H5FD_MPIO_INDEPENDENT.
 Using communication style:  1
 
 Initializing eps0mat.h5
 - Screened Coulomb cutoff: 8.000 Ry
 - Total number of bands: 15045
 - Number of q-points: 1

 Scissors parameters:
 - Valence:    es =   0.0000 eV, e0 =   0.0000 eV, edel =   0.0000
 - Conduction: es =   0.0000 eV, e0 =   0.0000 eV, edel =   0.0000

 Q0 and |Q0| =  0.000000  0.000000  0.100000  0.015308

 GPU acceleration is : ENABLED
 
 Algorithms used:
 - mtxel         : OPENACC_ALGO
 - chi_summation : OPENACC_ALGO
 
 You have a slightly shifted q0 vector and a semiconductor.
 So, reading from WFNq.
 Reading header of WFNq.h5
 Highest occupied band (shifted grid) = 1020
 Reading using H5FD_MPIO_INDEPENDENT.
 Using communication style:  1
 
 Summary of the WFN files:
 - Number of k-points in WFN: 1
 - Number of k-points in WFNq: 1
 - Number of k-points in the full BZ of WFN: 1

================================================================================
 06:46:58   Dealing with q =  0.000000  0.000000  0.100000                 1 / 1
================================================================================

 This is the special q->0 point.
 Rank of the polarizability matrix (nmtx): 26529
 
 BLACS processor grid:   4 x   8; BLOCKSIZE =   32
 
 Number of k-points in the irreducible BZ(q) (nrk): 1
 
 ========================================================
 == Start Building Polarizability Using:     5 Blocks. ==
 ========================================================
 
 Valence Block Number:     1 of     5 || Pass     1 of     1
 -----------------------------------------------------------
 
 Using GPU support via OpenACC/OMP-Target implementation
 Using batch implementation, batch size:    20
 
 Started calculation of matrix elements with 53 transition(s) at 06:47:01.
 [ 06:47:01 |   0% ] transition  1 / 53.
 [ 06:47:02 |   4% ] transition  3 / 53, remaining: 11 s.
 [ 06:47:03 |   9% ] transition  6 / 53, remaining: 11 s.
 [ 06:47:04 |  19% ] transition 11 / 53, remaining: 9 s.
 [ 06:47:05 |  28% ] transition 16 / 53, remaining: 9 s.
 [ 06:47:07 |  40% ] transition 22 / 53, remaining: 7 s.
 [ 06:47:08 |  49% ] transition 27 / 53, remaining: 6 s.
 [ 06:47:09 |  58% ] transition 32 / 53, remaining: 5 s.
 [ 06:47:10 |  70% ] transition 38 / 53, remaining: 4 s.
 [ 06:47:11 |  79% ] transition 43 / 53, remaining: 2 s.
 [ 06:47:12 |  89% ] transition 48 / 53, remaining: 1 s.
 [ 06:47:14 |  98% ] transition 53 / 53, remaining: 0 s.
 Finished calculation of matrix elements at 06:47:14.
 Elapsed time: 13 s.
 
 CHI summation GPU algorithm offloading only submatrices to device.
 
 Started building polarizability matrix with 32 processor(s) at 06:47:14.
 [ 06:47:14 |   0% ] processor  1 / 32.
 [ 06:47:17 |   6% ] processor  3 / 32, remaining: 42 s.
 [ 06:47:18 |   9% ] processor  4 / 32, remaining: 41 s.
 [ 06:47:22 |  19% ] processor  7 / 32, remaining: 36 s.
 [ 06:47:27 |  28% ] processor 10 / 32, remaining: 32 s.
 [ 06:47:31 |  38% ] processor 13 / 32, remaining: 28 s.
 [ 06:47:36 |  50% ] processor 17 / 32, remaining: 22 s.
 [ 06:47:40 |  59% ] processor 20 / 32, remaining: 18 s.
 [ 06:47:45 |  69% ] processor 23 / 32, remaining: 14 s.
 [ 06:47:49 |  78% ] processor 26 / 32, remaining: 10 s.
 [ 06:47:53 |  88% ] processor 29 / 32, remaining: 6 s.
 Finished building polarizability matrix at 06:47:59.
 Elapsed time: 45 s.
 
 Done With Block Number:     1
 -----------------------------
 
 
 Valence Block Number:     2 of     5 || Pass     1 of     1
 -----------------------------------------------------------
 
 Using GPU support via OpenACC/OMP-Target implementation
 Using batch implementation, batch size:    20
 
 Started calculation of matrix elements with 53 transition(s) at 06:48:02.
 [ 06:48:02 |   0% ] transition  1 / 53.
 [ 06:48:03 |   4% ] transition  3 / 53, remaining: 11 s.
 [ 06:48:04 |   9% ] transition  6 / 53, remaining: 11 s.
 [ 06:48:05 |  19% ] transition 11 / 53, remaining: 10 s.
 [ 06:48:06 |  28% ] transition 16 / 53, remaining: 9 s.
 [ 06:48:07 |  40% ] transition 22 / 53, remaining: 7 s.
 [ 06:48:08 |  49% ] transition 27 / 53, remaining: 6 s.
 [ 06:48:09 |  58% ] transition 32 / 53, remaining: 5 s.
 [ 06:48:11 |  70% ] transition 38 / 53, remaining: 4 s.
 [ 06:48:12 |  79% ] transition 43 / 53, remaining: 2 s.
 [ 06:48:13 |  89% ] transition 48 / 53, remaining: 1 s.
 [ 06:48:14 |  98% ] transition 53 / 53, remaining: 0 s.
 Finished calculation of matrix elements at 06:48:14.
 Elapsed time: 13 s.
 
 CHI summation GPU algorithm offloading only submatrices to device.
 
 Started building polarizability matrix with 32 processor(s) at 06:48:16.
 [ 06:48:16 |   0% ] processor  1 / 32.
 [ 06:48:19 |   6% ] processor  3 / 32, remaining: 42 s.
 [ 06:48:20 |   9% ] processor  4 / 32, remaining: 42 s.
 [ 06:48:24 |  19% ] processor  7 / 32, remaining: 37 s.
 [ 06:48:29 |  28% ] processor 10 / 32, remaining: 33 s.
 [ 06:48:33 |  38% ] processor 13 / 32, remaining: 28 s.
 [ 06:48:39 |  50% ] processor 17 / 32, remaining: 23 s.
 [ 06:48:43 |  59% ] processor 20 / 32, remaining: 18 s.
 [ 06:48:47 |  69% ] processor 23 / 32, remaining: 14 s.
 [ 06:48:51 |  78% ] processor 26 / 32, remaining: 10 s.
 [ 06:48:56 |  88% ] processor 29 / 32, remaining: 6 s.
 Finished building polarizability matrix at 06:49:01.
 Elapsed time: 45 s.
 
 Done With Block Number:     2
 -----------------------------
 
 
 Valence Block Number:     3 of     5 || Pass     1 of     1
 -----------------------------------------------------------
 
 Using GPU support via OpenACC/OMP-Target implementation
 Using batch implementation, batch size:    20
 
 Started calculation of matrix elements with 53 transition(s) at 06:49:04.
 [ 06:49:04 |   0% ] transition  1 / 53.
 [ 06:49:05 |   4% ] transition  3 / 53, remaining: 12 s.
 [ 06:49:06 |   9% ] transition  6 / 53, remaining: 11 s.
 [ 06:49:07 |  19% ] transition 11 / 53, remaining: 10 s.
 [ 06:49:08 |  28% ] transition 16 / 53, remaining: 8 s.
 [ 06:49:10 |  40% ] transition 22 / 53, remaining: 7 s.
 [ 06:49:11 |  49% ] transition 27 / 53, remaining: 6 s.
 [ 06:49:12 |  58% ] transition 32 / 53, remaining: 5 s.
 [ 06:49:13 |  70% ] transition 38 / 53, remaining: 4 s.
 [ 06:49:14 |  79% ] transition 43 / 53, remaining: 2 s.
 [ 06:49:16 |  89% ] transition 48 / 53, remaining: 1 s.
 [ 06:49:17 |  98% ] transition 53 / 53, remaining: 0 s.
 Finished calculation of matrix elements at 06:49:17.
 Elapsed time: 13 s.
 
 CHI summation GPU algorithm offloading only submatrices to device.
 
 Started building polarizability matrix with 32 processor(s) at 06:49:17.
 [ 06:49:17 |   0% ] processor  1 / 32.
 [ 06:49:20 |   6% ] processor  3 / 32, remaining: 42 s.
 [ 06:49:22 |   9% ] processor  4 / 32, remaining: 42 s.
 [ 06:49:26 |  19% ] processor  7 / 32, remaining: 37 s.
 [ 06:49:30 |  28% ] processor 10 / 32, remaining: 33 s.
 [ 06:49:34 |  38% ] processor 13 / 32, remaining: 28 s.
 [ 06:49:40 |  50% ] processor 17 / 32, remaining: 23 s.
 [ 06:49:44 |  59% ] processor 20 / 32, remaining: 18 s.
 [ 06:49:49 |  69% ] processor 23 / 32, remaining: 14 s.
 [ 06:49:53 |  78% ] processor 26 / 32, remaining: 10 s.
 [ 06:49:57 |  88% ] processor 29 / 32, remaining: 6 s.
 Finished building polarizability matrix at 06:50:03.
 Elapsed time: 45 s.
 
 Done With Block Number:     3
 -----------------------------
 
 
 Valence Block Number:     4 of     5 || Pass     1 of     1
 -----------------------------------------------------------
 
 Using GPU support via OpenACC/OMP-Target implementation
 Using batch implementation, batch size:    20
 
 Started calculation of matrix elements with 53 transition(s) at 06:50:06.
 [ 06:50:06 |   0% ] transition  1 / 53.
 [ 06:50:07 |   4% ] transition  3 / 53, remaining: 11 s.
 [ 06:50:08 |   9% ] transition  6 / 53, remaining: 11 s.
 [ 06:50:09 |  19% ] transition 11 / 53, remaining: 9 s.
 [ 06:50:10 |  28% ] transition 16 / 53, remaining: 8 s.
 [ 06:50:11 |  40% ] transition 22 / 53, remaining: 7 s.
 [ 06:50:12 |  49% ] transition 27 / 53, remaining: 6 s.
 [ 06:50:13 |  58% ] transition 32 / 53, remaining: 5 s.
 [ 06:50:15 |  70% ] transition 38 / 53, remaining: 4 s.
 [ 06:50:16 |  79% ] transition 43 / 53, remaining: 2 s.
 [ 06:50:17 |  89% ] transition 48 / 53, remaining: 1 s.
 [ 06:50:18 |  98% ] transition 53 / 53, remaining: 0 s.
 Finished calculation of matrix elements at 06:50:18.
 Elapsed time: 13 s.
 
 CHI summation GPU algorithm offloading only submatrices to device.
 
 Started building polarizability matrix with 32 processor(s) at 06:50:19.
 [ 06:50:19 |   0% ] processor  1 / 32.
 [ 06:50:22 |   6% ] processor  3 / 32, remaining: 42 s.
 [ 06:50:23 |   9% ] processor  4 / 32, remaining: 42 s.
 [ 06:50:28 |  19% ] processor  7 / 32, remaining: 37 s.
 [ 06:50:32 |  28% ] processor 10 / 32, remaining: 33 s.
 [ 06:50:36 |  38% ] processor 13 / 32, remaining: 28 s.
 [ 06:50:42 |  50% ] processor 17 / 32, remaining: 23 s.
 [ 06:50:46 |  59% ] processor 20 / 32, remaining: 18 s.
 [ 06:50:50 |  69% ] processor 23 / 32, remaining: 14 s.
 [ 06:50:54 |  78% ] processor 26 / 32, remaining: 10 s.
 [ 06:50:59 |  88% ] processor 29 / 32, remaining: 6 s.
 Finished building polarizability matrix at 06:51:04.
 Elapsed time: 45 s.
 
 Done With Block Number:     4
 -----------------------------
 
 
 Valence Block Number:     5 of     5 || Pass     1 of     1
 -----------------------------------------------------------
 
 Using GPU support via OpenACC/OMP-Target implementation
 Using batch implementation, batch size:    20
 
 Started calculation of matrix elements with 53 transition(s) at 06:51:07.
 [ 06:51:07 |   0% ] transition  1 / 53.
 [ 06:51:08 |   4% ] transition  3 / 53, remaining: 11 s.
 [ 06:51:09 |   9% ] transition  6 / 53, remaining: 11 s.
 [ 06:51:10 |  19% ] transition 11 / 53, remaining: 10 s.
 [ 06:51:11 |  28% ] transition 16 / 53, remaining: 9 s.
 [ 06:51:13 |  40% ] transition 22 / 53, remaining: 7 s.
 [ 06:51:14 |  49% ] transition 27 / 53, remaining: 6 s.
 [ 06:51:15 |  58% ] transition 32 / 53, remaining: 5 s.
 [ 06:51:16 |  70% ] transition 38 / 53, remaining: 4 s.
 [ 06:51:18 |  79% ] transition 43 / 53, remaining: 2 s.
 Finished calculation of matrix elements at 06:51:18.
 Elapsed time: 10 s.
 
 CHI summation GPU algorithm offloading only submatrices to device.
 
 Started building polarizability matrix with 32 processor(s) at 06:51:18.
 [ 06:51:18 |   0% ] processor  1 / 32.
 [ 06:51:21 |   6% ] processor  3 / 32, remaining: 42 s.
 [ 06:51:22 |   9% ] processor  4 / 32, remaining: 41 s.
 [ 06:51:26 |  19% ] processor  7 / 32, remaining: 36 s.
 [ 06:51:31 |  28% ] processor 10 / 32, remaining: 32 s.
 [ 06:51:35 |  38% ] processor 13 / 32, remaining: 28 s.
 [ 06:51:40 |  50% ] processor 17 / 32, remaining: 22 s.
 [ 06:51:45 |  59% ] processor 20 / 32, remaining: 18 s.
 [ 06:51:49 |  69% ] processor 23 / 32, remaining: 14 s.
 [ 06:51:53 |  78% ] processor 26 / 32, remaining: 10 s.
 [ 06:51:57 |  88% ] processor 29 / 32, remaining: 6 s.
 Finished building polarizability matrix at 06:52:03.
 Elapsed time: 45 s.
 
 Done With Block Number:     5
 -----------------------------
 
 q-pt      1: Head of Epsilon         =     1.524681719435073E+01   -5.960659330594228E-17
 q-pt      1: Epsilon(2,2)            =     1.070898941170526E+01   -1.668883286824452E-17
 q-pt      1: Head of Epsilon Inverse =     7.338597034593299E-02    3.307178377042700E-19
 q-pt      1: Epsilon Inverse(2,2)    =     1.037812739896418E-01    1.633641810974692E-19
 
 For q0 points, you should check the symmetry (eps(G,G') = eps*(-G,-G')) by
 using the eps0sym code. Wavefunction convergence, as well as a finite q-shift
 may cause this property of eps(G,G') to be broken.

 Writing dielectric matrix to file
 Ok


********************************************************************************
*                                                                              *
* Your calculation employed methods and algorithms published in peer-reviewed  *
* papers. Please, cite the following references to give proper credit to their *
*          authors and help support future development of BerkeleyGW.          *
*                                                                              *
********************************************************************************

 J. Deslippe, G. Samsonidze, D. A. Strubbe, M. Jain, M. L. Cohen, and S. G.
 Louie, BerkeleyGW: A Massively Parallel Computer Package for the Calculation
 of the Quasiparticle and Optical Properties of Materials and Nanostructures,
 Computer Physics Communications 183, 1269 (2012).

 M. S. Hybertsen and S. G. Louie, Electron Correlation in Semiconductors and
 Insulators: Band Gaps and Quasiparticle Energies, Phys. Rev. B 34, 5390
 (1986).

 M. D. Ben, C. Yang, Z. Li, F. H. da Jornada, S. G. Louie, and J. Deslippe,
 Accelerating Large-Scale Excited-State GW Calculations on Leadership HPC
 Systems, SC20: International Conference for High Performance Computing,
 Networking, Storage and Analysis (2020).

********************************************************************************

 
 Timing information
 
                                CPU time (s)          WALL time (s)       Number
 Routine                       min        max        min        max     of calls
 -------------------------  ---------  ---------  ---------  ---------  --------
 - Eps (I/O) Comm                0.06       0.22       0.05       0.22         1
 - Eps (I/O) IO                 17.36      17.50      17.36      17.49         1
 - I/O TOTAL                    40.81      40.91      40.81      40.91         8
 - INPUT                        14.81      14.84      14.81      14.84         1
 - INPUT_Q                       9.16       9.26       9.16       9.26         1
 - FULLBZ                        0.00       0.00       0.00       0.00         1
 - GVEC                          0.00       0.00       0.00       0.00         1
 - SUBGRP                        0.00       0.00       0.00       0.00         1
 - IRRBZ                         0.00       0.00       0.00       0.00         1
 - GENWF                         2.66       2.73       2.65       2.74       255
 - MTXEL                        57.83      58.88      57.83      58.87       255
 - RQSTAR                        0.00       0.00       0.00       0.00         5
 - GMAP                          0.01       0.01       0.01       0.01         5
 - EPSINV (TOTAL)               35.56      36.18      35.56      36.18         1
 - CHI SUM (COMM)                8.52      10.97       8.51      10.97       480
 - CHI SUM (TOTAL)             227.62     229.13     227.62     229.13         5
 - GENWF (VAL)                   0.18       0.19       0.17       0.21       255
 - GENWF (COND)                  2.47       2.54       2.47       2.54         5
 - EPSINV (VCOUL)                0.00       0.63       0.00       0.63         1
 - JOB SETUP                     0.00       0.00       0.00       0.00         1
 - Q LOOP SETUP                  0.00       0.00       0.00       0.00         1
 - INIT CUTOFF                   0.00       0.00       0.00       0.00         1
 - INIT SCALAPACK                0.00       0.00       0.00       0.00         1
 - INIT ARRAYS                   5.97       6.26       5.97       6.26         6
 - MTXEL (DENOM)                 0.51       0.58       0.48       0.62    447270
 - MTXEL (FFT)                  57.83      58.88      57.83      58.87       255
 - GENWF (Ekin)                  0.00       0.01       0.00       0.01        10
 - GENWF (Sort)                  0.03       0.03       0.03       0.03         2
 - CHI SUM (zGEMM)             143.37     145.41     143.37     145.42       160
 - CHI SUM (PREP)               64.68      65.39      64.69      65.40       160
 - CHI SUM (ARRAY ALLOC)         2.11       2.12       2.10       2.12       160
 - EPSINV (I/O)                 17.63      17.64      17.63      17.64         1
 - EPSINV (INVERT)              17.14      17.16      17.14      17.16         1
 - CHI SUM (BAR)                 0.97       3.90       0.97       3.90         5
 - FFT MLTPLY                    9.56      10.09       9.44      10.14    447270
 - TOTAL                       365.95     365.98     365.95     365.98         1
 
 Job Done
 
gpu_monitor.parse_xml: 5954701-job.info file not found! This may mean that your job didn't run as expected. Attempting to summarize XML data without verifying data integrity.
